#
# A fatal error has been detected by the Java Runtime Environment:
#
#  SIGSEGV (0xb) at pc=0x00007fff4f081212, pid=3356, tid=775
#
# JRE version: Java(TM) SE Runtime Environment (9.0+11) (build 9.0.1+11)
# Java VM: Java HotSpot(TM) 64-Bit Server VM (9.0.1+11, mixed mode, tiered, compressed oops, g1 gc, bsd-amd64)
# Problematic frame:
# C  [vImage+0x31212]  vImageCopyBuffer+0xc2
#
# No core dump will be written. Core dumps have been disabled. To enable core dumping, try "ulimit -c unlimited" before starting Java again
#
# If you would like to submit a bug report, please visit:
#   http://bugreport.java.com/bugreport/crash.jsp
# The crash happened outside the Java Virtual Machine in native code.
# See problematic frame for where to report the bug.
#

---------------  S U M M A R Y ------------

Command Line: -Djava.library.path=/Users/x/Documents/003_Tools/006_ControlledLandingSim/BlueBook-Descent-and-Landing-Analysis-Toolkit-DaLAT/lib/natives:/Users/x/Documents/003_Tools/006_ControlledLandingSim/BlueBook-Descent-and-Landing-Analysis-Toolkit-DaLAT/lib/natives:/Users/x/Documents/003_Tools/006_ControlledLandingSim/BlueBook-Descent-and-Landing-Analysis-Toolkit-DaLAT/lib/natives:/Users/x/Documents/003_Tools/006_ControlledLandingSim/BlueBook-Descent-and-Landing-Analysis-Toolkit-DaLAT/lib/natives -Dfile.encoding=UTF-8 VisualEngine.engineTester.MainGameLoop

Host: MacBookAir7,2 x86_64 1800 MHz, 4 cores, 8G, Darwin 18.7.0
Time: Mon Sep 16 15:36:32 2019 BST elapsed time: 6 seconds (0d 0h 0m 6s)

---------------  T H R E A D  ---------------

Current thread (0x00007fee9296c000):  JavaThread "AppKit Thread" daemon [_thread_in_native, id=775, stack(0x00007ffedf95c000,0x00007ffee015c000)]

Stack: [0x00007ffedf95c000,0x00007ffee015c000],  sp=0x00007ffee0157270,  free space=8172k
Native frames: (J=compiled Java code, A=aot compiled Java code, j=interpreted, Vv=VM code, C=native code)
C  [vImage+0x31212]  vImageCopyBuffer+0xc2
C  [AppKit+0x225b71]  __copy_region_block_invoke_2+0x262
C  [AppKit+0x2258b6]  __copy_region_block_invoke+0xb8
C  [AppKit+0x225763]  copy_region+0x141
C  [AppKit+0x150ba6]  __NSCGSWindowBackingStoreMark__block_invoke+0x50e
C  [AppKit+0x14f6eb]  NSCGSTransactionRunPreCommitActionsForOrder_+0x10d
C  [AppKit+0x14f5cb]  NSCGSTransactionRunPreCommitActions_+0x1f
C  [AppKit+0xa61705]  -[_NSCGSTransaction synchronize]+0x21
C  [AppKit+0xa618c8]  NSCGSTransactionSynchronize+0x4c
C  [AppKit+0x7f33c8]  -[NSSurface syncSurfaceWantsExtendedDynamicRange]+0x89
C  [AppKit+0x7f3475]  __38-[NSSurface syncToViewUnconditionally]_block_invoke+0x41
C  [AppKit+0x52990]  NSPerformVisuallyAtomicChange+0x84
C  [AppKit+0x34d0c7]  -[NSSurface syncToViewUnconditionally]+0x4f
C  [AppKit+0x34e309]  -[NSSurface syncToView:]+0xd7
C  [AppKit+0x73417]  -[NSView(NSInternal) geometryInWindowDidChange]+0x95
C  [AppKit+0x728a5]  NSViewHierarchyNoteGeometryInWindowDidChange+0xaf
C  [AppKit+0x72978]  NSViewHierarchyNoteGeometryInWindowDidChange+0x182
C  [AppKit+0x72764]  -[NSView _invalidateFocus]+0x3c
C  [AppKit+0xf8fab]  -[NSWindow _oldPlaceWindow:]+0x358
C  [AppKit+0xf841f]  -[NSWindow _setFrameCommon:display:stashSize:]+0xafe
C  [AppKit+0xf790e]  -[NSWindow _setFrame:display:allowImplicitAnimation:stashSize:]+0xc0
C  [AppKit+0xf7847]  -[NSWindow setFrame:display:]+0x33
C  [AppKit+0xadc1e5]  -[NSWindow(NSWindowResizing) _resizeSetFrame:withEvent:]+0x6b
C  [AppKit+0x41f6a0]  -[NSWindow(NSWindowResizing) _resizeWithEvent:]+0xab0
C  [AppKit+0x8b05f9]  -[NSTitledFrame attemptResizeWithEvent:]+0xb1
C  [AppKit+0x36f275]  -[NSThemeFrame handleMouseDown:]+0x129
C  [AppKit+0x36f467]  -[NSThemeFrame mouseDown:]+0x1e
C  [AppKit+0x24f937]  -[NSWindow(NSEventRouting) _handleMouseDownEvent:isDelayedEvent:]+0x165c
C  [AppKit+0x1861a6]  -[NSWindow(NSEventRouting) _reallySendEvent:isDelayedEvent:]+0x8f7
C  [AppKit+0x185667]  -[NSWindow(NSEventRouting) sendEvent:]+0x1de
C  [AppKit+0x24e6b]  -[NSApplication(NSEvent) sendEvent:]+0x14b
C  [libosxapp.dylib+0x20a5]  -[NSApplicationAWT sendEvent:]+0x152
C  [AppKit+0x135e0]  -[NSApplication run]+0x2f3
C  [libosxapp.dylib+0x1d3a]  +[NSApplicationAWT runAWTLoopWithApp:]+0x9d
C  [libawt_lwawt.dylib+0x3a544]  +[AWTStarter starter:headless:]+0x342
C  [JavaNativeFoundation+0x6fce]  +[JNFRunLoop _performCopiedBlock:]+0x11
C  [Foundation+0xb0302]  __NSThreadPerformPerform+0x148
C  [CoreFoundation+0x57683]  __CFRUNLOOP_IS_CALLING_OUT_TO_A_SOURCE0_PERFORM_FUNCTION__+0x11
C  [CoreFoundation+0x57629]  __CFRunLoopDoSource0+0x6c
C  [CoreFoundation+0x3afeb]  __CFRunLoopDoSources0+0xc3
C  [CoreFoundation+0x3a5b5]  __CFRunLoopRun+0x4a5
C  [CoreFoundation+0x39ebe]  CFRunLoopRunSpecific+0x1c7
C  [java+0x6b2e]  CreateExecutionEnvironment+0x35c
C  [java+0x2c65]  JLI_Launch+0x5a9
C  [java+0x1b62]  main+0x186
C  [java+0x19d4]  start+0x34
C  0x0000000000000006


siginfo: si_signo: 11 (SIGSEGV), si_code: 1 (SEGV_MAPERR), si_addr: 0x0000000137c2a000

Register to memory mapping:

RAX=0x0000000000000000 is an unknown value
RBX=0x0000000000000001 is an unknown value
RCX=0x000000000000013c is an unknown value
RDX=0x00000000002436b4 is an unknown value
RSP=0x00007ffee0157270 is pointing into the stack for thread: 0x00007fee9296c000
RBP=0x00007ffee01572a0 is pointing into the stack for thread: 0x00007fee9296c000
RSI=0x0000000139ce6000 is an unknown value
RDI=0x0000000137c2a000 is an unknown value
R8 =0x00000000000002a3 is an unknown value
R9 =0x0000000000000000 is an unknown value
R10=0x000000000000036f is an unknown value
R11=0x0000000000000000 is an unknown value
R12=0x0000000137c29380 is an unknown value
R13=0x0000000000000dc0 is an unknown value
R14=0x0000000000000dbc is an unknown value
R15=0x0000000139ce5380 is an unknown value


Registers:
RAX=0x0000000000000000, RBX=0x0000000000000001, RCX=0x000000000000013c, RDX=0x00000000002436b4
RSP=0x00007ffee0157270, RBP=0x00007ffee01572a0, RSI=0x0000000139ce6000, RDI=0x0000000137c2a000
R8 =0x00000000000002a3, R9 =0x0000000000000000, R10=0x000000000000036f, R11=0x0000000000000000
R12=0x0000000137c29380, R13=0x0000000000000dc0, R14=0x0000000000000dbc, R15=0x0000000139ce5380
RIP=0x00007fff4f081212, EFLAGS=0x0000000000010287, ERR=0x0000000000000006
  TRAPNO=0x000000000000000e

Top of Stack: (sp=0x00007ffee0157270)
0x00007ffee0157270:   0000000000000dc0 00007ffee01573b8
0x00007ffee0157280:   00007fee924f86b0 00007ffee0157758
0x00007ffee0157290:   00007ffee0157310 0000000000006737
0x00007ffee01572a0:   00007ffee0157380 00007fff50491b71
0x00007ffee01572b0:   0000000000000000 0000000000000000
0x00007ffee01572c0:   408b780000000000 4085180000000000
0x00007ffee01572d0:   0000000139aa2000 00000000000002a3
0x00007ffee01572e0:   000000000000036f 0000000000000dc0
0x00007ffee01572f0:   00000001379e6000 00000000000002a3
0x00007ffee0157300:   000000000000036f 0000000000000dc0
0x00007ffee0157310:   0000000000000000 0000000000000000
0x00007ffee0157320:   408b780000000000 4085180000000000
0x00007ffee0157330:   0000000000000000 0000000000000000
0x00007ffee0157340:   408b780000000000 4085180000000000
0x00007ffee0157350:   0000000000000000 0000000000000000
0x00007ffee0157360:   408b780000000000 4085180000000000
0x00007ffee0157370:   00007fee94d27450 00007fffb5471070
0x00007ffee0157380:   00007ffee0157450 00007fff504918b6
0x00007ffee0157390:   0000000000000000 0000000000000000
0x00007ffee01573a0:   408b780000000000 4085180000000000
0x00007ffee01573b0:   00007ffee01573f0 00007fffb5471070
0x00007ffee01573c0:   00000000c2000000 00007fff5049190f
0x00007ffee01573d0:   00007fffad598a58 00007ffee0157460
0x00007ffee01573e0:   000000000000036f 00000000000002a3
0x00007ffee01573f0:   000000000000036f 00000000000002a3
0x00007ffee0157400:   0000000139aa2000 0000000000000dc0
0x00007ffee0157410:   0000000000000020 00000001379e6000
0x00007ffee0157420:   0000000000000dc0 0000000000000020
0x00007ffee0157430:   0000000000000000 0000000000000000
0x00007ffee0157440:   0000000000000020 00007fffb5471070
0x00007ffee0157450:   00007ffee01575d0 00007fff50491763
0x00007ffee0157460:   00007fffb5471070 00000000c0000000 

Instructions: (pc=0x00007fff4f081212)
0x00007fff4f0811f2:   43 5e 48 8b 00 25 00 00 00 08 48 85 c0 74 2f 31
0x00007fff4f081202:   c0 4d 39 fc 74 0c 4c 89 e7 4c 89 fe 4c 89 f1 fc
0x00007fff4f081212:   f3 a4 4c 03 7d d0 4d 01 ec 48 83 c3 ff 75 e2 eb
0x00007fff4f081222:   a9 66 2e 0f 1f 84 00 00 00 00 00 0f 1f 00 4d 39 


---------------  P R O C E S S  ---------------

Java Threads: ( => current thread )
  0x00007fee94279000 JavaThread "Java2D Disposer" daemon [_thread_blocked, id=73995, stack(0x00007000044f4000,0x00007000045f4000)]
  0x00007fee94235000 JavaThread "AWT-Shutdown" [_thread_blocked, id=35883, stack(0x000070000436e000,0x000070000446e000)]
=>0x00007fee9296c000 JavaThread "AppKit Thread" daemon [_thread_in_native, id=775, stack(0x00007ffedf95c000,0x00007ffee015c000)]
  0x00007fee938bd800 JavaThread "Service Thread" daemon [_thread_blocked, id=22531, stack(0x0000700004062000,0x0000700004162000)]
  0x00007fee92894000 JavaThread "Common-Cleaner" daemon [_thread_blocked, id=41987, stack(0x0000700003f5f000,0x000070000405f000)]
  0x00007fee94008800 JavaThread "Sweeper thread" daemon [_thread_blocked, id=42243, stack(0x0000700003e5c000,0x0000700003f5c000)]
  0x00007fee94013000 JavaThread "C1 CompilerThread2" daemon [_thread_blocked, id=42755, stack(0x0000700003d59000,0x0000700003e59000)]
  0x00007fee93866000 JavaThread "C2 CompilerThread1" daemon [_thread_blocked, id=22019, stack(0x0000700003c56000,0x0000700003d56000)]
  0x00007fee93027800 JavaThread "C2 CompilerThread0" daemon [_thread_blocked, id=21763, stack(0x0000700003b53000,0x0000700003c53000)]
  0x00007fee93865800 JavaThread "Signal Dispatcher" daemon [_thread_blocked, id=15875, stack(0x0000700003a50000,0x0000700003b50000)]
  0x00007fee94002000 JavaThread "Finalizer" daemon [_thread_blocked, id=17667, stack(0x000070000394d000,0x0000700003a4d000)]
  0x00007fee93860800 JavaThread "Reference Handler" daemon [_thread_blocked, id=14083, stack(0x000070000384a000,0x000070000394a000)]
  0x00007fee93801800 JavaThread "main" [_thread_in_native, id=6915, stack(0x0000700002b23000,0x0000700002c23000)]

Other Threads:
  0x00007fee93860000 VMThread "VM Thread" [stack: 0x0000700003747000,0x0000700003847000] [id=17923]
  0x00007fee938c1000 WatcherThread [stack: 0x0000700004165000,0x0000700004265000] [id=41475]
  0x00007fee93803000 GCTaskThread "GC Thread#0" [stack: 0x0000700002c26000,0x0000700002d26000] [id=21251]
  0x00007fee93803800 GCTaskThread "GC Thread#1" [stack: 0x0000700002d29000,0x0000700002e29000] [id=20739]
  0x00007fee93813800 GCTaskThread "GC Thread#2" [stack: 0x0000700002e2c000,0x0000700002f2c000] [id=11011]
  0x00007fee93814000 GCTaskThread "GC Thread#3" [stack: 0x0000700002f2f000,0x000070000302f000] [id=19971]
  0x00007fee9382c800 ConcurrentGCThread "G1 Main Marker" [stack: 0x0000700003541000,0x0000700003641000] [id=12547]
  0x00007fee9382d000 ConcurrentGCThread "G1 Marker#0" [stack: 0x0000700003644000,0x0000700003744000] [id=13315]
  0x00007fee93817000 ConcurrentGCThread "G1 Refine#0" [stack: 0x000070000333b000,0x000070000343b000] [id=12035]
  0x00007fee93816000 ConcurrentGCThread "G1 Refine#1" [stack: 0x0000700003238000,0x0000700003338000] [id=19203]
  0x00007fee93815800 ConcurrentGCThread "G1 Refine#2" [stack: 0x0000700003135000,0x0000700003235000] [id=11523]
  0x00007fee93814800 ConcurrentGCThread "G1 Refine#3" [stack: 0x0000700003032000,0x0000700003132000] [id=19715]
  0x00007fee93817800 ConcurrentGCThread "G1 Young RemSet Sampling" [stack: 0x000070000343e000,0x000070000353e000] [id=18435]

Threads with active compile tasks:

VM state:not at safepoint (normal execution)

VM Mutex/Monitor currently owned by a thread: None

Heap address: 0x0000000740000000, size: 2048 MB, Compressed Oops mode: Zero based, Oop shift amount: 3
Narrow klass base: 0x0000000000000000, Narrow klass shift: 3
Compressed class space size: 1073741824 Address: 0x00000007c0000000

Heap:
 garbage-first heap   total 157696K, used 76829K [0x0000000740000000, 0x00000007401004d0, 0x00000007c0000000)
  region size 1024K, 52 young (53248K), 8 survivors (8192K)
 Metaspace       used 11134K, capacity 11485K, committed 11648K, reserved 1060864K
  class space    used 958K, capacity 1048K, committed 1152K, reserved 1048576K
Heap Regions: E=young(eden), S=young(survivor), O=old, HS=humongous(starts), HC=humongous(continues), CS=collection set, F=free, A=archive, TS=gc time stamp, AC=allocation context, TAMS=top-at-mark-start (previous, next)
|   0|0x0000000740000000, 0x0000000740100000, 0x0000000740100000|100%|HS|  |TS  3|AC  0|TAMS 0x0000000740000000, 0x0000000740000000|
|   1|0x0000000740100000, 0x0000000740200000, 0x0000000740200000|100%|HS|  |TS  3|AC  0|TAMS 0x0000000740100000, 0x0000000740100000|
|   2|0x0000000740200000, 0x0000000740300000, 0x0000000740300000|100%|HS|  |TS  3|AC  0|TAMS 0x0000000740200000, 0x0000000740200000|
|   3|0x0000000740300000, 0x0000000740400000, 0x0000000740400000|100%|HC|  |TS  3|AC  0|TAMS 0x0000000740300000, 0x0000000740300000|
|   4|0x0000000740400000, 0x0000000740500000, 0x0000000740500000|100%|HS|  |TS  3|AC  0|TAMS 0x0000000740400000, 0x0000000740400000|
|   5|0x0000000740500000, 0x0000000740600000, 0x0000000740600000|100%| O|  |TS  1|AC  0|TAMS 0x0000000740500000, 0x0000000740500000|
|   6|0x0000000740600000, 0x0000000740700000, 0x0000000740700000|100%| O|  |TS  1|AC  0|TAMS 0x0000000740600000, 0x0000000740600000|
|   7|0x0000000740700000, 0x0000000740800000, 0x0000000740800000|100%| O|  |TS  3|AC  0|TAMS 0x0000000740700000, 0x0000000740700000|
|   8|0x0000000740800000, 0x0000000740900000, 0x0000000740900000|100%| O|  |TS  3|AC  0|TAMS 0x0000000740800000, 0x0000000740800000|
|   9|0x0000000740900000, 0x0000000740a00000, 0x0000000740a00000|100%| O|  |TS 11|AC  0|TAMS 0x0000000740900000, 0x0000000740900000|
|  10|0x0000000740a00000, 0x0000000740b00000, 0x0000000740b00000|100%| O|  |TS 11|AC  0|TAMS 0x0000000740a00000, 0x0000000740a00000|
|  11|0x0000000740b00000, 0x0000000740c00000, 0x0000000740c00000|100%| O|  |TS 11|AC  0|TAMS 0x0000000740b00000, 0x0000000740b00000|
|  12|0x0000000740c00000, 0x0000000740d00000, 0x0000000740d00000|100%| O|  |TS 11|AC  0|TAMS 0x0000000740c00000, 0x0000000740c00000|
|  13|0x0000000740d00000, 0x0000000740e00000, 0x0000000740e00000|100%| O|  |TS 13|AC  0|TAMS 0x0000000740d00000, 0x0000000740d00000|
|  14|0x0000000740e00000, 0x0000000740f00000, 0x0000000740f00000|100%|HS|  |TS  0|AC  0|TAMS 0x0000000740e00000, 0x0000000740e00000|
|  15|0x0000000740f00000, 0x0000000741000000, 0x0000000741000000|100%|HS|  |TS  0|AC  0|TAMS 0x0000000740f00000, 0x0000000740f00000|
|  16|0x0000000741000000, 0x0000000741100000, 0x0000000741100000|100%| O|  |TS 13|AC  0|TAMS 0x0000000741000000, 0x0000000741000000|
|  17|0x0000000741100000, 0x0000000741200000, 0x0000000741200000|100%| O|  |TS 13|AC  0|TAMS 0x0000000741100000, 0x0000000741100000|
|  18|0x0000000741200000, 0x0000000741300000, 0x0000000741300000|100%| O|  |TS 13|AC  0|TAMS 0x0000000741200000, 0x0000000741200000|
|  19|0x0000000741300000, 0x00000007413ab000, 0x0000000741400000| 66%| O|  |TS 13|AC  0|TAMS 0x0000000741300000, 0x0000000741300000|
|  20|0x0000000741400000, 0x0000000741500000, 0x0000000741500000|100%|HS|  |TS  0|AC  0|TAMS 0x0000000741400000, 0x0000000741400000|
|  21|0x0000000741500000, 0x0000000741600000, 0x0000000741600000|100%|HC|  |TS  0|AC  0|TAMS 0x0000000741500000, 0x0000000741500000|
|  22|0x0000000741600000, 0x0000000741700000, 0x0000000741700000|100%|HS|  |TS  0|AC  0|TAMS 0x0000000741600000, 0x0000000741600000|
|  23|0x0000000741700000, 0x0000000741800000, 0x0000000741800000|100%|HS|  |TS  0|AC  0|TAMS 0x0000000741700000, 0x0000000741700000|
|  24|0x0000000741800000, 0x0000000741900000, 0x0000000741900000|100%|HC|  |TS  0|AC  0|TAMS 0x0000000741800000, 0x0000000741800000|
|  25|0x0000000741900000, 0x0000000741900000, 0x0000000741a00000|  0%| F|  |TS  0|AC  0|TAMS 0x0000000741900000, 0x0000000741900000|
|  26|0x0000000741a00000, 0x0000000741a00000, 0x0000000741b00000|  0%| F|  |TS  0|AC  0|TAMS 0x0000000741a00000, 0x0000000741a00000|
|  27|0x0000000741b00000, 0x0000000741b00000, 0x0000000741c00000|  0%| F|  |TS  0|AC  0|TAMS 0x0000000741b00000, 0x0000000741b00000|
|  28|0x0000000741c00000, 0x0000000741c00000, 0x0000000741d00000|  0%| F|  |TS  0|AC  0|TAMS 0x0000000741c00000, 0x0000000741c00000|
|  29|0x0000000741d00000, 0x0000000741d00000, 0x0000000741e00000|  0%| F|  |TS  0|AC  0|TAMS 0x0000000741d00000, 0x0000000741d00000|
|  30|0x0000000741e00000, 0x0000000741e00000, 0x0000000741f00000|  0%| F|  |TS  0|AC  0|TAMS 0x0000000741e00000, 0x0000000741e00000|
|  31|0x0000000741f00000, 0x0000000741f00000, 0x0000000742000000|  0%| F|  |TS  0|AC  0|TAMS 0x0000000741f00000, 0x0000000741f00000|
|  32|0x0000000742000000, 0x0000000742000000, 0x0000000742100000|  0%| F|  |TS  0|AC  0|TAMS 0x0000000742000000, 0x0000000742000000|
|  33|0x0000000742100000, 0x0000000742100000, 0x0000000742200000|  0%| F|  |TS  0|AC  0|TAMS 0x0000000742100000, 0x0000000742100000|
|  34|0x0000000742200000, 0x0000000742200000, 0x0000000742300000|  0%| F|  |TS  0|AC  0|TAMS 0x0000000742200000, 0x0000000742200000|
|  35|0x0000000742300000, 0x0000000742300000, 0x0000000742400000|  0%| F|  |TS  0|AC  0|TAMS 0x0000000742300000, 0x0000000742300000|
|  36|0x0000000742400000, 0x0000000742400000, 0x0000000742500000|  0%| F|  |TS  0|AC  0|TAMS 0x0000000742400000, 0x0000000742400000|
|  37|0x0000000742500000, 0x0000000742500000, 0x0000000742600000|  0%| F|  |TS  0|AC  0|TAMS 0x0000000742500000, 0x0000000742500000|
|  38|0x0000000742600000, 0x0000000742600000, 0x0000000742700000|  0%| F|  |TS  0|AC  0|TAMS 0x0000000742600000, 0x0000000742600000|
|  39|0x0000000742700000, 0x0000000742700000, 0x0000000742800000|  0%| F|  |TS  0|AC  0|TAMS 0x0000000742700000, 0x0000000742700000|
|  40|0x0000000742800000, 0x0000000742800000, 0x0000000742900000|  0%| F|  |TS  0|AC  0|TAMS 0x0000000742800000, 0x0000000742800000|
|  41|0x0000000742900000, 0x0000000742900000, 0x0000000742a00000|  0%| F|  |TS  0|AC  0|TAMS 0x0000000742900000, 0x0000000742900000|
|  42|0x0000000742a00000, 0x0000000742a00000, 0x0000000742b00000|  0%| F|  |TS  0|AC  0|TAMS 0x0000000742a00000, 0x0000000742a00000|
|  43|0x0000000742b00000, 0x0000000742b00000, 0x0000000742c00000|  0%| F|  |TS 11|AC  0|TAMS 0x0000000742b00000, 0x0000000742b00000|
|  44|0x0000000742c00000, 0x0000000742c00000, 0x0000000742d00000|  0%| F|  |TS 11|AC  0|TAMS 0x0000000742c00000, 0x0000000742c00000|
|  45|0x0000000742d00000, 0x0000000742d00000, 0x0000000742e00000|  0%| F|  |TS 11|AC  0|TAMS 0x0000000742d00000, 0x0000000742d00000|
|  46|0x0000000742e00000, 0x0000000742e00000, 0x0000000742f00000|  0%| F|  |TS 11|AC  0|TAMS 0x0000000742e00000, 0x0000000742e00000|
|  47|0x0000000742f00000, 0x0000000742f00000, 0x0000000743000000|  0%| F|  |TS 11|AC  0|TAMS 0x0000000742f00000, 0x0000000742f00000|
|  48|0x0000000743000000, 0x0000000743000000, 0x0000000743100000|  0%| F|  |TS 11|AC  0|TAMS 0x0000000743000000, 0x0000000743000000|
|  49|0x0000000743100000, 0x0000000743100000, 0x0000000743200000|  0%| F|  |TS 11|AC  0|TAMS 0x0000000743100000, 0x0000000743100000|
|  50|0x0000000743200000, 0x0000000743200000, 0x0000000743300000|  0%| F|  |TS 11|AC  0|TAMS 0x0000000743200000, 0x0000000743200000|
|  51|0x0000000743300000, 0x0000000743300000, 0x0000000743400000|  0%| F|  |TS 11|AC  0|TAMS 0x0000000743300000, 0x0000000743300000|
|  52|0x0000000743400000, 0x0000000743400000, 0x0000000743500000|  0%| F|  |TS  9|AC  0|TAMS 0x0000000743400000, 0x0000000743400000|
|  53|0x0000000743500000, 0x0000000743500000, 0x0000000743600000|  0%| F|  |TS  9|AC  0|TAMS 0x0000000743500000, 0x0000000743500000|
|  54|0x0000000743600000, 0x000000074365c790, 0x0000000743700000| 36%| S|CS|TS 13|AC  0|TAMS 0x0000000743600000, 0x0000000743600000|
|  55|0x0000000743700000, 0x0000000743800000, 0x0000000743800000|100%| S|CS|TS 13|AC  0|TAMS 0x0000000743700000, 0x0000000743700000|
|  56|0x0000000743800000, 0x0000000743900000, 0x0000000743900000|100%| S|CS|TS 13|AC  0|TAMS 0x0000000743800000, 0x0000000743800000|
|  57|0x0000000743900000, 0x0000000743a00000, 0x0000000743a00000|100%| S|CS|TS 13|AC  0|TAMS 0x0000000743900000, 0x0000000743900000|
|  58|0x0000000743a00000, 0x0000000743b00000, 0x0000000743b00000|100%| S|CS|TS 13|AC  0|TAMS 0x0000000743a00000, 0x0000000743a00000|
|  59|0x0000000743b00000, 0x0000000743c00000, 0x0000000743c00000|100%| S|CS|TS 13|AC  0|TAMS 0x0000000743b00000, 0x0000000743b00000|
|  60|0x0000000743c00000, 0x0000000743d00000, 0x0000000743d00000|100%| S|CS|TS 13|AC  0|TAMS 0x0000000743c00000, 0x0000000743c00000|
|  61|0x0000000743d00000, 0x0000000743e00000, 0x0000000743e00000|100%| S|CS|TS 13|AC  0|TAMS 0x0000000743d00000, 0x0000000743d00000|
|  62|0x0000000743e00000, 0x0000000743e00000, 0x0000000743f00000|  0%| F|  |TS 13|AC  0|TAMS 0x0000000743e00000, 0x0000000743e00000|
|  63|0x0000000743f00000, 0x0000000743f00000, 0x0000000744000000|  0%| F|  |TS 13|AC  0|TAMS 0x0000000743f00000, 0x0000000743f00000|
|  64|0x0000000744000000, 0x0000000744000000, 0x0000000744100000|  0%| F|  |TS 13|AC  0|TAMS 0x0000000744000000, 0x0000000744000000|
|  65|0x0000000744100000, 0x0000000744100000, 0x0000000744200000|  0%| F|  |TS 13|AC  0|TAMS 0x0000000744100000, 0x0000000744100000|
|  66|0x0000000744200000, 0x0000000744200000, 0x0000000744300000|  0%| F|  |TS 13|AC  0|TAMS 0x0000000744200000, 0x0000000744200000|
|  67|0x0000000744300000, 0x0000000744300000, 0x0000000744400000|  0%| F|  |TS 13|AC  0|TAMS 0x0000000744300000, 0x0000000744300000|
|  68|0x0000000744400000, 0x0000000744400000, 0x0000000744500000|  0%| F|  |TS 13|AC  0|TAMS 0x0000000744400000, 0x0000000744400000|
|  69|0x0000000744500000, 0x0000000744500000, 0x0000000744600000|  0%| F|  |TS 13|AC  0|TAMS 0x0000000744500000, 0x0000000744500000|
|  70|0x0000000744600000, 0x0000000744600000, 0x0000000744700000|  0%| F|  |TS 13|AC  0|TAMS 0x0000000744600000, 0x0000000744600000|
|  71|0x0000000744700000, 0x0000000744700000, 0x0000000744800000|  0%| F|  |TS 13|AC  0|TAMS 0x0000000744700000, 0x0000000744700000|
|  72|0x0000000744800000, 0x0000000744800000, 0x0000000744900000|  0%| F|  |TS 13|AC  0|TAMS 0x0000000744800000, 0x0000000744800000|
|  73|0x0000000744900000, 0x0000000744900000, 0x0000000744a00000|  0%| F|  |TS 13|AC  0|TAMS 0x0000000744900000, 0x0000000744900000|
|  74|0x0000000744a00000, 0x0000000744a00000, 0x0000000744b00000|  0%| F|  |TS 13|AC  0|TAMS 0x0000000744a00000, 0x0000000744a00000|
|  75|0x0000000744b00000, 0x0000000744b00000, 0x0000000744c00000|  0%| F|  |TS 13|AC  0|TAMS 0x0000000744b00000, 0x0000000744b00000|
|  76|0x0000000744c00000, 0x0000000744c00000, 0x0000000744d00000|  0%| F|  |TS 13|AC  0|TAMS 0x0000000744c00000, 0x0000000744c00000|
|  77|0x0000000744d00000, 0x0000000744d00000, 0x0000000744e00000|  0%| F|  |TS 13|AC  0|TAMS 0x0000000744d00000, 0x0000000744d00000|
|  78|0x0000000744e00000, 0x0000000744e00000, 0x0000000744f00000|  0%| F|  |TS 13|AC  0|TAMS 0x0000000744e00000, 0x0000000744e00000|
|  79|0x0000000744f00000, 0x0000000744f00000, 0x0000000745000000|  0%| F|  |TS 13|AC  0|TAMS 0x0000000744f00000, 0x0000000744f00000|
|  80|0x0000000745000000, 0x0000000745000000, 0x0000000745100000|  0%| F|  |TS 13|AC  0|TAMS 0x0000000745000000, 0x0000000745000000|
|  81|0x0000000745100000, 0x0000000745100000, 0x0000000745200000|  0%| F|  |TS 13|AC  0|TAMS 0x0000000745100000, 0x0000000745100000|
|  82|0x0000000745200000, 0x0000000745200000, 0x0000000745300000|  0%| F|  |TS 13|AC  0|TAMS 0x0000000745200000, 0x0000000745200000|
|  83|0x0000000745300000, 0x0000000745300000, 0x0000000745400000|  0%| F|  |TS 13|AC  0|TAMS 0x0000000745300000, 0x0000000745300000|
|  84|0x0000000745400000, 0x0000000745400000, 0x0000000745500000|  0%| F|  |TS 13|AC  0|TAMS 0x0000000745400000, 0x0000000745400000|
|  85|0x0000000745500000, 0x0000000745500000, 0x0000000745600000|  0%| F|  |TS 13|AC  0|TAMS 0x0000000745500000, 0x0000000745500000|
|  86|0x0000000745600000, 0x0000000745600000, 0x0000000745700000|  0%| F|  |TS 13|AC  0|TAMS 0x0000000745600000, 0x0000000745600000|
|  87|0x0000000745700000, 0x0000000745700000, 0x0000000745800000|  0%| F|  |TS 13|AC  0|TAMS 0x0000000745700000, 0x0000000745700000|
|  88|0x0000000745800000, 0x0000000745800000, 0x0000000745900000|  0%| F|  |TS 13|AC  0|TAMS 0x0000000745800000, 0x0000000745800000|
|  89|0x0000000745900000, 0x0000000745900000, 0x0000000745a00000|  0%| F|  |TS 13|AC  0|TAMS 0x0000000745900000, 0x0000000745900000|
|  90|0x0000000745a00000, 0x0000000745a00000, 0x0000000745b00000|  0%| F|  |TS 13|AC  0|TAMS 0x0000000745a00000, 0x0000000745a00000|
|  91|0x0000000745b00000, 0x0000000745b00000, 0x0000000745c00000|  0%| F|  |TS 13|AC  0|TAMS 0x0000000745b00000, 0x0000000745b00000|
|  92|0x0000000745c00000, 0x0000000745c00000, 0x0000000745d00000|  0%| F|  |TS 13|AC  0|TAMS 0x0000000745c00000, 0x0000000745c00000|
|  93|0x0000000745d00000, 0x0000000745d00000, 0x0000000745e00000|  0%| F|  |TS 13|AC  0|TAMS 0x0000000745d00000, 0x0000000745d00000|
|  94|0x0000000745e00000, 0x0000000745e00000, 0x0000000745f00000|  0%| F|  |TS 13|AC  0|TAMS 0x0000000745e00000, 0x0000000745e00000|
|  95|0x0000000745f00000, 0x0000000745f00000, 0x0000000746000000|  0%| F|  |TS 13|AC  0|TAMS 0x0000000745f00000, 0x0000000745f00000|
|  96|0x0000000746000000, 0x0000000746000000, 0x0000000746100000|  0%| F|  |TS 13|AC  0|TAMS 0x0000000746000000, 0x0000000746000000|
|  97|0x0000000746100000, 0x0000000746100000, 0x0000000746200000|  0%| F|  |TS 13|AC  0|TAMS 0x0000000746100000, 0x0000000746100000|
|  98|0x0000000746200000, 0x0000000746200000, 0x0000000746300000|  0%| F|  |TS 13|AC  0|TAMS 0x0000000746200000, 0x0000000746200000|
|  99|0x0000000746300000, 0x0000000746300000, 0x0000000746400000|  0%| F|  |TS 13|AC  0|TAMS 0x0000000746300000, 0x0000000746300000|
| 100|0x0000000746400000, 0x0000000746400000, 0x0000000746500000|  0%| F|  |TS 13|AC  0|TAMS 0x0000000746400000, 0x0000000746400000|
| 101|0x0000000746500000, 0x0000000746500000, 0x0000000746600000|  0%| F|  |TS 13|AC  0|TAMS 0x0000000746500000, 0x0000000746500000|
| 102|0x0000000746600000, 0x0000000746600000, 0x0000000746700000|  0%| F|  |TS 13|AC  0|TAMS 0x0000000746600000, 0x0000000746600000|
| 103|0x0000000746700000, 0x0000000746700000, 0x0000000746800000|  0%| F|  |TS 13|AC  0|TAMS 0x0000000746700000, 0x0000000746700000|
| 104|0x0000000746800000, 0x0000000746800000, 0x0000000746900000|  0%| F|  |TS 13|AC  0|TAMS 0x0000000746800000, 0x0000000746800000|
| 105|0x0000000746900000, 0x0000000746900000, 0x0000000746a00000|  0%| F|  |TS 13|AC  0|TAMS 0x0000000746900000, 0x0000000746900000|
| 106|0x0000000746a00000, 0x0000000746a00000, 0x0000000746b00000|  0%| F|  |TS 13|AC  0|TAMS 0x0000000746a00000, 0x0000000746a00000|
| 107|0x0000000746b00000, 0x0000000746b00000, 0x0000000746c00000|  0%| F|  |TS 13|AC  0|TAMS 0x0000000746b00000, 0x0000000746b00000|
| 108|0x0000000746c00000, 0x0000000746c00000, 0x0000000746d00000|  0%| F|  |TS 13|AC  0|TAMS 0x0000000746c00000, 0x0000000746c00000|
| 109|0x0000000746d00000, 0x0000000746d00000, 0x0000000746e00000|  0%| F|  |TS 13|AC  0|TAMS 0x0000000746d00000, 0x0000000746d00000|
| 110|0x0000000746e00000, 0x0000000746e80800, 0x0000000746f00000| 50%| E|  |TS 13|AC  0|TAMS 0x0000000746e00000, 0x0000000746e00000|
| 111|0x0000000746f00000, 0x0000000747000000, 0x0000000747000000|100%| E|CS|TS 13|AC  0|TAMS 0x0000000746f00000, 0x0000000746f00000|
| 112|0x0000000747000000, 0x0000000747100000, 0x0000000747100000|100%| E|CS|TS 13|AC  0|TAMS 0x0000000747000000, 0x0000000747000000|
| 113|0x0000000747100000, 0x0000000747200000, 0x0000000747200000|100%| E|CS|TS 13|AC  0|TAMS 0x0000000747100000, 0x0000000747100000|
| 114|0x0000000747200000, 0x0000000747300000, 0x0000000747300000|100%| E|CS|TS 13|AC  0|TAMS 0x0000000747200000, 0x0000000747200000|
| 115|0x0000000747300000, 0x0000000747400000, 0x0000000747400000|100%| E|CS|TS 13|AC  0|TAMS 0x0000000747300000, 0x0000000747300000|
| 116|0x0000000747400000, 0x0000000747500000, 0x0000000747500000|100%| E|CS|TS 13|AC  0|TAMS 0x0000000747400000, 0x0000000747400000|
| 117|0x0000000747500000, 0x0000000747600000, 0x0000000747600000|100%| E|CS|TS 13|AC  0|TAMS 0x0000000747500000, 0x0000000747500000|
| 118|0x0000000747600000, 0x0000000747700000, 0x0000000747700000|100%| E|CS|TS 13|AC  0|TAMS 0x0000000747600000, 0x0000000747600000|
| 119|0x0000000747700000, 0x0000000747800000, 0x0000000747800000|100%| E|CS|TS 13|AC  0|TAMS 0x0000000747700000, 0x0000000747700000|
| 120|0x0000000747800000, 0x0000000747900000, 0x0000000747900000|100%| E|CS|TS 13|AC  0|TAMS 0x0000000747800000, 0x0000000747800000|
| 121|0x0000000747900000, 0x0000000747a00000, 0x0000000747a00000|100%| E|CS|TS 13|AC  0|TAMS 0x0000000747900000, 0x0000000747900000|
| 122|0x0000000747a00000, 0x0000000747b00000, 0x0000000747b00000|100%| E|CS|TS 13|AC  0|TAMS 0x0000000747a00000, 0x0000000747a00000|
| 123|0x0000000747b00000, 0x0000000747c00000, 0x0000000747c00000|100%| E|CS|TS 13|AC  0|TAMS 0x0000000747b00000, 0x0000000747b00000|
| 124|0x0000000747c00000, 0x0000000747d00000, 0x0000000747d00000|100%| E|CS|TS 13|AC  0|TAMS 0x0000000747c00000, 0x0000000747c00000|
| 125|0x0000000747d00000, 0x0000000747e00000, 0x0000000747e00000|100%| E|CS|TS 13|AC  0|TAMS 0x0000000747d00000, 0x0000000747d00000|
| 126|0x0000000747e00000, 0x0000000747f00000, 0x0000000747f00000|100%| E|CS|TS 13|AC  0|TAMS 0x0000000747e00000, 0x0000000747e00000|
| 127|0x0000000747f00000, 0x0000000748000000, 0x0000000748000000|100%| E|CS|TS 13|AC  0|TAMS 0x0000000747f00000, 0x0000000747f00000|
| 128|0x0000000748000000, 0x0000000748100000, 0x0000000748100000|100%| E|CS|TS 13|AC  0|TAMS 0x0000000748000000, 0x0000000748000000|
| 129|0x0000000748100000, 0x0000000748200000, 0x0000000748200000|100%| E|CS|TS 13|AC  0|TAMS 0x0000000748100000, 0x0000000748100000|
| 130|0x0000000748200000, 0x0000000748300000, 0x0000000748300000|100%| E|CS|TS 13|AC  0|TAMS 0x0000000748200000, 0x0000000748200000|
| 131|0x0000000748300000, 0x0000000748400000, 0x0000000748400000|100%| E|CS|TS 13|AC  0|TAMS 0x0000000748300000, 0x0000000748300000|
| 132|0x0000000748400000, 0x0000000748500000, 0x0000000748500000|100%| E|CS|TS 13|AC  0|TAMS 0x0000000748400000, 0x0000000748400000|
| 133|0x0000000748500000, 0x0000000748600000, 0x0000000748600000|100%| E|CS|TS 13|AC  0|TAMS 0x0000000748500000, 0x0000000748500000|
| 134|0x0000000748600000, 0x0000000748700000, 0x0000000748700000|100%| E|CS|TS 13|AC  0|TAMS 0x0000000748600000, 0x0000000748600000|
| 135|0x0000000748700000, 0x0000000748800000, 0x0000000748800000|100%| E|CS|TS 13|AC  0|TAMS 0x0000000748700000, 0x0000000748700000|
| 136|0x0000000748800000, 0x0000000748900000, 0x0000000748900000|100%| E|CS|TS 13|AC  0|TAMS 0x0000000748800000, 0x0000000748800000|
| 137|0x0000000748900000, 0x0000000748a00000, 0x0000000748a00000|100%| E|CS|TS 13|AC  0|TAMS 0x0000000748900000, 0x0000000748900000|
| 138|0x0000000748a00000, 0x0000000748b00000, 0x0000000748b00000|100%| E|CS|TS 13|AC  0|TAMS 0x0000000748a00000, 0x0000000748a00000|
| 139|0x0000000748b00000, 0x0000000748c00000, 0x0000000748c00000|100%| E|CS|TS 13|AC  0|TAMS 0x0000000748b00000, 0x0000000748b00000|
| 140|0x0000000748c00000, 0x0000000748d00000, 0x0000000748d00000|100%| E|CS|TS 13|AC  0|TAMS 0x0000000748c00000, 0x0000000748c00000|
| 141|0x0000000748d00000, 0x0000000748e00000, 0x0000000748e00000|100%| E|CS|TS 13|AC  0|TAMS 0x0000000748d00000, 0x0000000748d00000|
| 142|0x0000000748e00000, 0x0000000748f00000, 0x0000000748f00000|100%| E|CS|TS 13|AC  0|TAMS 0x0000000748e00000, 0x0000000748e00000|
| 143|0x0000000748f00000, 0x0000000749000000, 0x0000000749000000|100%| E|CS|TS 13|AC  0|TAMS 0x0000000748f00000, 0x0000000748f00000|
| 144|0x0000000749000000, 0x0000000749100000, 0x0000000749100000|100%| E|CS|TS 13|AC  0|TAMS 0x0000000749000000, 0x0000000749000000|
| 145|0x0000000749100000, 0x0000000749200000, 0x0000000749200000|100%| E|CS|TS 13|AC  0|TAMS 0x0000000749100000, 0x0000000749100000|
| 146|0x0000000749200000, 0x0000000749300000, 0x0000000749300000|100%| E|CS|TS 13|AC  0|TAMS 0x0000000749200000, 0x0000000749200000|
| 147|0x0000000749300000, 0x0000000749400000, 0x0000000749400000|100%| E|CS|TS 13|AC  0|TAMS 0x0000000749300000, 0x0000000749300000|
| 148|0x0000000749400000, 0x0000000749500000, 0x0000000749500000|100%| E|CS|TS 13|AC  0|TAMS 0x0000000749400000, 0x0000000749400000|
| 149|0x0000000749500000, 0x0000000749600000, 0x0000000749600000|100%| E|CS|TS 13|AC  0|TAMS 0x0000000749500000, 0x0000000749500000|
| 150|0x0000000749600000, 0x0000000749700000, 0x0000000749700000|100%| E|CS|TS 13|AC  0|TAMS 0x0000000749600000, 0x0000000749600000|
| 151|0x0000000749700000, 0x0000000749800000, 0x0000000749800000|100%| E|CS|TS 13|AC  0|TAMS 0x0000000749700000, 0x0000000749700000|
| 152|0x0000000749800000, 0x0000000749900000, 0x0000000749900000|100%| E|CS|TS 13|AC  0|TAMS 0x0000000749800000, 0x0000000749800000|
| 153|0x0000000749900000, 0x0000000749a00000, 0x0000000749a00000|100%| E|CS|TS 13|AC  0|TAMS 0x0000000749900000, 0x0000000749900000|

Card table byte_map: [0x0000000111e26000,0x0000000112226000] byte_map_base: 0x000000010e426000

Marking Bits (Prev, Next): (CMBitMap*) 0x00007fee9382ba70, (CMBitMap*) 0x00007fee9382baa8
 Prev Bits: [0x000000012d37f000, 0x000000012f37f000)
 Next Bits: [0x000000012f37f000, 0x000000013137f000)

Polling page: 0x00000001107cd000

CodeHeap 'non-profiled nmethods': size=120032Kb used=550Kb max_used=550Kb free=119481Kb
 bounds [0x0000000125e47000, 0x00000001260b7000, 0x000000012d37f000]
CodeHeap 'profiled nmethods': size=120032Kb used=2560Kb max_used=2560Kb free=117471Kb
 bounds [0x000000011e90f000, 0x000000011eb9f000, 0x0000000125e47000]
CodeHeap 'non-nmethods': size=5696Kb used=1280Kb max_used=1300Kb free=4415Kb
 bounds [0x000000011e37f000, 0x000000011e5ef000, 0x000000011e90f000]
 total_blobs=2152 nmethods=1285 adapters=413
 compilation: enabled

Compilation events (10 events):
Event: 5.617 Thread 0x00007fee94013000 1287   !   3       java.io.PrintStream::write (69 bytes)
Event: 5.618 Thread 0x00007fee94013000 nmethod 1287 0x000000011eb89510 code [0x000000011eb89740, 0x000000011eb89ed8]
Event: 5.618 Thread 0x00007fee94013000 1288  s    3       java.io.BufferedOutputStream::write (67 bytes)
Event: 5.618 Thread 0x00007fee94013000 nmethod 1288 0x000000011eb8a210 code [0x000000011eb8a420, 0x000000011eb8ac78]
Event: 5.618 Thread 0x00007fee94013000 1289       3       java.io.FileOutputStream::write (20 bytes)
Event: 5.619 Thread 0x00007fee94013000 nmethod 1289 0x000000011eb8ae90 code [0x000000011eb8b060, 0x000000011eb8b288]
Event: 5.625 Thread 0x00007fee94013000 1290       1       VisualEngine.renderEngine.DisplayManager::getFrameTimeSeconds (4 bytes)
Event: 5.626 Thread 0x00007fee94013000 nmethod 1290 0x0000000125ed0610 code [0x0000000125ed07c0, 0x0000000125ed08b0]
Event: 5.827 Thread 0x00007fee94013000 1291       3       jdk.internal.math.FloatingDecimal$BinaryToASCIIBuffer::dtoa (1509 bytes)
Event: 5.837 Thread 0x00007fee94013000 nmethod 1291 0x000000011eb8b390 code [0x000000011eb8b820, 0x000000011eb8dff8]

GC Heap History (10 events):
Event: 1.329 GC heap before
{Heap before GC invocations=2 (full 0):
 garbage-first heap   total 131072K, used 34463K [0x0000000740000000, 0x0000000740100400, 0x00000007c0000000)
  region size 1024K, 30 young (30720K), 1 survivors (1024K)
 Metaspace       used 10890K, capacity 11229K, committed 11392K, reserved 1058816K
  class space    used 950K, capacity 1048K, committed 1152K, reserved 1048576K
}
Event: 1.335 GC heap after
{Heap after GC invocations=3 (full 0):
 garbage-first heap   total 131072K, used 5968K [0x0000000740000000, 0x0000000740100400, 0x00000007c0000000)
  region size 1024K, 2 young (2048K), 2 survivors (2048K)
 Metaspace       used 10890K, capacity 11229K, committed 11392K, reserved 1058816K
  class space    used 950K, capacity 1048K, committed 1152K, reserved 1048576K
}
Event: 1.483 GC heap before
{Heap before GC invocations=3 (full 0):
 garbage-first heap   total 131072K, used 71504K [0x0000000740000000, 0x0000000740100400, 0x00000007c0000000)
  region size 1024K, 66 young (67584K), 2 survivors (2048K)
 Metaspace       used 10918K, capacity 11293K, committed 11648K, reserved 1060864K
  class space    used 950K, capacity 1048K, committed 1152K, reserved 1048576K
}
Event: 1.490 GC heap after
{Heap after GC invocations=4 (full 0):
 garbage-first heap   total 131072K, used 8911K [0x0000000740000000, 0x0000000740100400, 0x00000007c0000000)
  region size 1024K, 5 young (5120K), 5 survivors (5120K)
 Metaspace       used 10918K, capacity 11293K, committed 11648K, reserved 1060864K
  class space    used 950K, capacity 1048K, committed 1152K, reserved 1048576K
}
Event: 1.614 GC heap before
{Heap before GC invocations=4 (full 0):
 garbage-first heap   total 131072K, used 83663K [0x0000000740000000, 0x0000000740100400, 0x00000007c0000000)
  region size 1024K, 76 young (77824K), 5 survivors (5120K)
 Metaspace       used 10918K, capacity 11293K, committed 11648K, reserved 1060864K
  class space    used 950K, capacity 1048K, committed 1152K, reserved 1048576K
}
Event: 1.638 GC heap after
{Heap after GC invocations=5 (full 0):
 garbage-first heap   total 157696K, used 14783K [0x0000000740000000, 0x00000007401004d0, 0x00000007c0000000)
  region size 1024K, 9 young (9216K), 9 survivors (9216K)
 Metaspace       used 10918K, capacity 11293K, committed 11648K, reserved 1060864K
  class space    used 950K, capacity 1048K, committed 1152K, reserved 1048576K
}
Event: 1.733 GC heap before
{Heap before GC invocations=5 (full 0):
 garbage-first heap   total 157696K, used 102847K [0x0000000740000000, 0x00000007401004d0, 0x00000007c0000000)
  region size 1024K, 92 young (94208K), 9 survivors (9216K)
 Metaspace       used 10921K, capacity 11293K, committed 11648K, reserved 1060864K
  class space    used 950K, capacity 1048K, committed 1152K, reserved 1048576K
}
Event: 1.766 GC heap after
{Heap after GC invocations=6 (full 0):
 garbage-first heap   total 157696K, used 22422K [0x0000000740000000, 0x00000007401004d0, 0x00000007c0000000)
  region size 1024K, 9 young (9216K), 9 survivors (9216K)
 Metaspace       used 10921K, capacity 11293K, committed 11648K, reserved 1060864K
  class space    used 950K, capacity 1048K, committed 1152K, reserved 1048576K
}
Event: 1.852 GC heap before
{Heap before GC invocations=6 (full 0):
 garbage-first heap   total 157696K, used 109462K [0x0000000740000000, 0x00000007401004d0, 0x00000007c0000000)
  region size 1024K, 92 young (94208K), 9 survivors (9216K)
 Metaspace       used 10921K, capacity 11293K, committed 11648K, reserved 1060864K
  class space    used 950K, capacity 1048K, committed 1152K, reserved 1048576K
}
Event: 1.887 GC heap after
{Heap after GC invocations=7 (full 0):
 garbage-first heap   total 157696K, used 27677K [0x0000000740000000, 0x00000007401004d0, 0x00000007c0000000)
  region size 1024K, 8 young (8192K), 8 survivors (8192K)
 Metaspace       used 10921K, capacity 11293K, committed 11648K, reserved 1060864K
  class space    used 950K, capacity 1048K, committed 1152K, reserved 1048576K
}

Deoptimization events (10 events):
Event: 1.197 Thread 0x00007fee93801800 Uncommon trap: reason=unstable_if action=reinterpret pc=0x0000000125e96628 method=jdk.internal.math.FloatingDecimal$ASCIIToBinaryBuffer.floatValue()F @ 70 c2
Event: 1.203 Thread 0x00007fee93801800 Uncommon trap: reason=predicate action=maybe_recompile pc=0x0000000125e998ac method=java.util.AbstractCollection.toArray([Ljava/lang/Object;)[Ljava/lang/Object; @ 46 c2
Event: 1.266 Thread 0x00007fee93801800 Uncommon trap: reason=array_check action=maybe_recompile pc=0x0000000125e9edcc method=java.util.AbstractCollection.toArray([Ljava/lang/Object;)[Ljava/lang/Object; @ 116 c2
Event: 1.266 Thread 0x00007fee93801800 Uncommon trap: reason=array_check action=maybe_recompile pc=0x0000000125e9edcc method=java.util.AbstractCollection.toArray([Ljava/lang/Object;)[Ljava/lang/Object; @ 116 c2
Event: 1.266 Thread 0x00007fee93801800 Uncommon trap: reason=array_check action=maybe_recompile pc=0x0000000125e9edcc method=java.util.AbstractCollection.toArray([Ljava/lang/Object;)[Ljava/lang/Object; @ 116 c2
Event: 1.266 Thread 0x00007fee93801800 Uncommon trap: reason=array_check action=maybe_recompile pc=0x0000000125e9edcc method=java.util.AbstractCollection.toArray([Ljava/lang/Object;)[Ljava/lang/Object; @ 116 c2
Event: 1.471 Thread 0x00007fee93801800 Uncommon trap: reason=unstable_if action=reinterpret pc=0x0000000125ea4ec8 method=java.lang.String.split(Ljava/lang/String;I)[Ljava/lang/String; @ 206 c2
Event: 1.699 Thread 0x00007fee93801800 Uncommon trap: reason=unstable_if action=reinterpret pc=0x0000000125ea9d54 method=java.lang.String.split(Ljava/lang/String;I)[Ljava/lang/String; @ 206 c2
Event: 1.700 Thread 0x00007fee93801800 Uncommon trap: reason=unreached action=reinterpret pc=0x0000000125eb0d08 method=VisualEngine.renderEngine.OBJLoader.loadObjModel(Ljava/lang/String;LVisualEngine/renderEngine/Loader;)LVisualEngine/models/RawModel; @ 431 c2
Event: 1.930 Thread 0x00007fee93801800 Uncommon trap: reason=unstable_if action=reinterpret pc=0x0000000125eb93a8 method=VisualEngine.renderEngine.OBJLoader.loadObjModel(Ljava/lang/String;LVisualEngine/renderEngine/Loader;)LVisualEngine/models/RawModel; @ 324 c2

Classes redefined (0 events):
No events

Internal exceptions (10 events):
Event: 0.308 Thread 0x00007fee93801800 Exception <a 'java/lang/NoSuchMethodError'{0x0000000747b04228}: java.lang.invoke.DelegatingMethodHandle$Holder.reinvoke_L(Ljava/lang/Object;IILjava/lang/Object;Ljava/lang/Object;Ljava/lang/Object;)Ljava/lang/Object;> (0x0000000747b04228) thrown at [/scrat
Event: 0.309 Thread 0x00007fee93801800 Exception <a 'java/lang/NoSuchMethodError'{0x0000000747b08d60}: method resolution failed> (0x0000000747b08d60) thrown at [/scratch/mesos/slaves/5af44a71-976a-41b7-81de-5773b84ec572-S38393/frameworks/1735e8a2-a1db-478c-8104-60c8b0af87dd-0196/executors/8b85
Event: 0.311 Thread 0x00007fee93801800 Exception <a 'java/lang/NoSuchMethodError'{0x0000000747b1d5d0}: method resolution failed> (0x0000000747b1d5d0) thrown at [/scratch/mesos/slaves/5af44a71-976a-41b7-81de-5773b84ec572-S38393/frameworks/1735e8a2-a1db-478c-8104-60c8b0af87dd-0196/executors/8b85
Event: 0.314 Thread 0x00007fee93801800 Exception <a 'java/lang/NoSuchMethodError'{0x0000000747b32998}: method resolution failed> (0x0000000747b32998) thrown at [/scratch/mesos/slaves/5af44a71-976a-41b7-81de-5773b84ec572-S38393/frameworks/1735e8a2-a1db-478c-8104-60c8b0af87dd-0196/executors/8b85
Event: 0.317 Thread 0x00007fee93801800 Exception <a 'java/lang/NoSuchMethodError'{0x0000000747b4a3e8}: method resolution failed> (0x0000000747b4a3e8) thrown at [/scratch/mesos/slaves/5af44a71-976a-41b7-81de-5773b84ec572-S38393/frameworks/1735e8a2-a1db-478c-8104-60c8b0af87dd-0196/executors/8b85
Event: 0.320 Thread 0x00007fee93801800 Exception <a 'java/lang/NoSuchMethodError'{0x0000000747b62a10}: method resolution failed> (0x0000000747b62a10) thrown at [/scratch/mesos/slaves/5af44a71-976a-41b7-81de-5773b84ec572-S38393/frameworks/1735e8a2-a1db-478c-8104-60c8b0af87dd-0196/executors/8b85
Event: 0.321 Thread 0x00007fee93801800 Exception <a 'java/io/FileNotFoundException'{0x0000000747b6c0c8}> (0x0000000747b6c0c8) thrown at [/scratch/mesos/slaves/5af44a71-976a-41b7-81de-5773b84ec572-S38393/frameworks/1735e8a2-a1db-478c-8104-60c8b0af87dd-0196/executors/8b855640-c399-41ea-b65f-5227
Event: 0.328 Thread 0x00007fee93801800 Exception <a 'java/lang/ClassNotFoundException'{0x0000000747b70a98}: sun/awt/resources/spi/awtosxProvider> (0x0000000747b70a98) thrown at [/scratch/mesos/slaves/5af44a71-976a-41b7-81de-5773b84ec572-S38393/frameworks/1735e8a2-a1db-478c-8104-60c8b0af87dd-01
Event: 0.365 Thread 0x00007fee93801800 Exception <a 'java/lang/NoSuchMethodError'{0x0000000747ab1960}: java.lang.invoke.DirectMethodHandle$Holder.invokeStatic(Ljava/lang/Object;Ljava/lang/Object;Ljava/lang/Object;Ljava/lang/Object;Ljava/lang/Object;Ljava/lang/Object;Ljava/lang/Object;Ljava/lan
Event: 0.368 Thread 0x00007fee93801800 Exception <a 'java/lang/NoSuchMethodError'{0x0000000747acbfb8}: java.lang.invoke.DirectMethodHandle$Holder.invokeStatic(Ljava/lang/Object;Ljava/lang/Object;Ljava/lang/Object;Ljava/lang/Object;Ljava/lang/Object;Ljava/lang/Object;Ljava/lang/Object;Ljava/lan

Events (10 events):
Event: 1.966 loading class org/lwjgl/opengl/GL13
Event: 1.966 loading class org/lwjgl/opengl/GL13 done
Event: 2.013 loading class org/lwjgl/opengl/Sync
Event: 2.013 loading class org/lwjgl/opengl/Sync done
Event: 2.013 loading class org/lwjgl/opengl/Sync$RunningAvg
Event: 2.013 loading class org/lwjgl/opengl/Sync$RunningAvg done
Event: 4.188 Executing VM operation: EnableBiasedLocking
Event: 4.188 Executing VM operation: EnableBiasedLocking done
Event: 5.197 Thread 0x00007fee93801800 DEOPT PACKING pc=0x000000011eb645ab sp=0x0000700002c226b0
Event: 5.197 Thread 0x00007fee93801800 DEOPT UNPACKING pc=0x000000011e3ccaab sp=0x0000700002c21c58 mode 0


Dynamic libraries:
0x00007fff523e0000 	/System/Library/Frameworks/Cocoa.framework/Versions/A/Cocoa
0x00007fff5e183000 	/System/Library/Frameworks/Security.framework/Versions/A/Security
0x00007fff51073000 	/System/Library/Frameworks/ApplicationServices.framework/Versions/A/ApplicationServices
0x00007fff7e271000 	/usr/lib/libz.1.dylib
0x00007fff7bbcb000 	/usr/lib/libSystem.B.dylib
0x00007fff52c55000 	/System/Library/Frameworks/CoreFoundation.framework/Versions/A/CoreFoundation
0x00007fff54ed7000 	/System/Library/Frameworks/Foundation.framework/Versions/C/Foundation
0x00007fff7d402000 	/usr/lib/libobjc.A.dylib
0x00007fff5026c000 	/System/Library/Frameworks/AppKit.framework/Versions/C/AppKit
0x00007fff527de000 	/System/Library/Frameworks/CoreData.framework/Versions/A/CoreData
0x00007fff75691000 	/System/Library/PrivateFrameworks/RemoteViewServices.framework/Versions/A/RemoteViewServices
0x00007fff79908000 	/System/Library/PrivateFrameworks/UIFoundation.framework/Versions/A/UIFoundation
0x00007fff7afec000 	/System/Library/PrivateFrameworks/XCTTargetBootstrap.framework/Versions/A/XCTTargetBootstrap
0x00007fff52b64000 	/System/Library/Frameworks/CoreDisplay.framework/Versions/A/CoreDisplay
0x00007fff703cb000 	/System/Library/PrivateFrameworks/IconServices.framework/Versions/A/IconServices
0x00007fff577f8000 	/System/Library/Frameworks/Metal.framework/Versions/A/Metal
0x00007fff6790e000 	/System/Library/PrivateFrameworks/DesktopServicesPriv.framework/Versions/A/DesktopServicesPriv
0x00007fff7c765000 	/usr/lib/libenergytrace.dylib
0x00007fff77def000 	/System/Library/PrivateFrameworks/SkyLight.framework/Versions/A/SkyLight
0x00007fff5309b000 	/System/Library/Frameworks/CoreGraphics.framework/Versions/A/CoreGraphics
0x00007fff4f038000 	/System/Library/Frameworks/Accelerate.framework/Versions/A/Accelerate
0x00007fff55620000 	/System/Library/Frameworks/IOSurface.framework/Versions/A/IOSurface
0x00007fff6777a000 	/System/Library/PrivateFrameworks/DFRFoundation.framework/Versions/A/DFRFoundation
0x00007fff51556000 	/System/Library/Frameworks/AudioToolbox.framework/Versions/A/AudioToolbox
0x00007fff517cf000 	/System/Library/Frameworks/AudioUnit.framework/Versions/A/AudioUnit
0x00007fff6780f000 	/System/Library/PrivateFrameworks/DataDetectorsCore.framework/Versions/A/DataDetectorsCore
0x00007fff51ee3000 	/System/Library/Frameworks/Carbon.framework/Versions/A/Frameworks/HIToolbox.framework/Versions/A/HIToolbox
0x00007fff7c8be000 	/usr/lib/libicucore.A.dylib
0x00007fff5d6f7000 	/System/Library/Frameworks/QuartzCore.framework/Versions/A/QuartzCore
0x00007fff522b8000 	/System/Library/Frameworks/Carbon.framework/Versions/A/Frameworks/SpeechRecognition.framework/Versions/A/SpeechRecognition
0x00007fff7bd1f000 	/usr/lib/libauto.dylib
0x00007fff7e165000 	/usr/lib/libxml2.2.dylib
0x00007fff67355000 	/System/Library/PrivateFrameworks/CoreUI.framework/Versions/A/CoreUI
0x00007fff526c9000 	/System/Library/Frameworks/CoreAudio.framework/Versions/A/CoreAudio
0x00007fff54d0c000 	/System/Library/Frameworks/DiskArbitration.framework/Versions/A/DiskArbitration
0x00007fff7cb6c000 	/usr/lib/liblangid.dylib
0x00007fff717d6000 	/System/Library/PrivateFrameworks/MultitouchSupport.framework/Versions/A/MultitouchSupport
0x00007fff5558f000 	/System/Library/Frameworks/IOKit.framework/Versions/A/IOKit
0x00007fff7b78b000 	/usr/lib/libDiagnosticMessagesClient.dylib
0x00007fff53eaa000 	/System/Library/Frameworks/CoreServices.framework/Versions/A/CoreServices
0x00007fff73490000 	/System/Library/PrivateFrameworks/PerformanceAnalysis.framework/Versions/A/PerformanceAnalysis
0x00007fff5c8e5000 	/System/Library/Frameworks/OpenGL.framework/Versions/A/OpenGL
0x00007fff523ee000 	/System/Library/Frameworks/ColorSync.framework/Versions/A/ColorSync
0x00007fff5372c000 	/System/Library/Frameworks/CoreImage.framework/Versions/A/CoreImage
0x00007fff54882000 	/System/Library/Frameworks/CoreText.framework/Versions/A/CoreText
0x00007fff55683000 	/System/Library/Frameworks/ImageIO.framework/Versions/A/ImageIO
0x00007fff639a7000 	/System/Library/PrivateFrameworks/Backup.framework/Versions/A/Backup
0x00007fff7bc72000 	/usr/lib/libarchive.2.dylib
0x00007fff51b28000 	/System/Library/Frameworks/CFNetwork.framework/Versions/A/CFNetwork
0x00007fff5e8df000 	/System/Library/Frameworks/SystemConfiguration.framework/Versions/A/SystemConfiguration
0x00007fff7b6bc000 	/usr/lib/libCRFSuite.dylib
0x00007fff7be0e000 	/usr/lib/libc++.1.dylib
0x00007fff7be62000 	/usr/lib/libc++abi.dylib
0x00007fff7ea67000 	/usr/lib/system/libcache.dylib
0x00007fff7ea6c000 	/usr/lib/system/libcommonCrypto.dylib
0x00007fff7ea77000 	/usr/lib/system/libcompiler_rt.dylib
0x00007fff7ea7f000 	/usr/lib/system/libcopyfile.dylib
0x00007fff7ea89000 	/usr/lib/system/libcorecrypto.dylib
0x00007fff7eb94000 	/usr/lib/system/libdispatch.dylib
0x00007fff7ebce000 	/usr/lib/system/libdyld.dylib
0x00007fff7ebfb000 	/usr/lib/system/libkeymgr.dylib
0x00007fff7ec09000 	/usr/lib/system/liblaunch.dylib
0x00007fff7ec0a000 	/usr/lib/system/libmacho.dylib
0x00007fff7ec10000 	/usr/lib/system/libquarantine.dylib
0x00007fff7ec13000 	/usr/lib/system/libremovefile.dylib
0x00007fff7ec15000 	/usr/lib/system/libsystem_asl.dylib
0x00007fff7ec2d000 	/usr/lib/system/libsystem_blocks.dylib
0x00007fff7ec2e000 	/usr/lib/system/libsystem_c.dylib
0x00007fff7ecb6000 	/usr/lib/system/libsystem_configuration.dylib
0x00007fff7ecba000 	/usr/lib/system/libsystem_coreservices.dylib
0x00007fff7ecbe000 	/usr/lib/system/libsystem_darwin.dylib
0x00007fff7ecc5000 	/usr/lib/system/libsystem_dnssd.dylib
0x00007fff7eccc000 	/usr/lib/system/libsystem_info.dylib
0x00007fff7ed41000 	/usr/lib/system/libsystem_m.dylib
0x00007fff7ed8d000 	/usr/lib/system/libsystem_malloc.dylib
0x00007fff7edb8000 	/usr/lib/system/libsystem_networkextension.dylib
0x00007fff7edc3000 	/usr/lib/system/libsystem_notify.dylib
0x00007fff7ede0000 	/usr/lib/system/libsystem_sandbox.dylib
0x00007fff7ede4000 	/usr/lib/system/libsystem_secinit.dylib
0x00007fff7ed18000 	/usr/lib/system/libsystem_kernel.dylib
0x00007fff7edcb000 	/usr/lib/system/libsystem_platform.dylib
0x00007fff7edd5000 	/usr/lib/system/libsystem_pthread.dylib
0x00007fff7ede7000 	/usr/lib/system/libsystem_symptoms.dylib
0x00007fff7edef000 	/usr/lib/system/libsystem_trace.dylib
0x00007fff7ee06000 	/usr/lib/system/libunwind.dylib
0x00007fff7ee0c000 	/usr/lib/system/libxpc.dylib
0x00007fff7bdef000 	/usr/lib/libbsm.0.dylib
0x00007fff7ebfc000 	/usr/lib/system/libkxld.dylib
0x00007fff62d98000 	/System/Library/PrivateFrameworks/AppleFSCompression.framework/Versions/A/AppleFSCompression
0x00007fff7ba8b000 	/usr/lib/libOpenScriptingUtil.dylib
0x00007fff7c117000 	/usr/lib/libcoretls.dylib
0x00007fff7c12e000 	/usr/lib/libcoretls_cfhelpers.dylib
0x00007fff7db99000 	/usr/lib/libpam.2.dylib
0x00007fff7dd59000 	/usr/lib/libsqlite3.dylib
0x00007fff7e153000 	/usr/lib/libxar.1.dylib
0x00007fff7be00000 	/usr/lib/libbz2.1.0.dylib
0x00007fff7cb6e000 	/usr/lib/liblzma.5.dylib
0x00007fff7d01f000 	/usr/lib/libnetwork.dylib
0x00007fff7bc5b000 	/usr/lib/libapple_nghttp2.dylib
0x00007fff7dba0000 	/usr/lib/libpcap.A.dylib
0x00007fff54249000 	/System/Library/Frameworks/CoreServices.framework/Versions/A/Frameworks/FSEvents.framework/Versions/A/FSEvents
0x00007fff53f28000 	/System/Library/Frameworks/CoreServices.framework/Versions/A/Frameworks/CarbonCore.framework/Versions/A/CarbonCore
0x00007fff54404000 	/System/Library/Frameworks/CoreServices.framework/Versions/A/Frameworks/Metadata.framework/Versions/A/Metadata
0x00007fff544a3000 	/System/Library/Frameworks/CoreServices.framework/Versions/A/Frameworks/OSServices.framework/Versions/A/OSServices
0x00007fff544ee000 	/System/Library/Frameworks/CoreServices.framework/Versions/A/Frameworks/SearchKit.framework/Versions/A/SearchKit
0x00007fff53eab000 	/System/Library/Frameworks/CoreServices.framework/Versions/A/Frameworks/AE.framework/Versions/A/AE
0x00007fff54252000 	/System/Library/Frameworks/CoreServices.framework/Versions/A/Frameworks/LaunchServices.framework/Versions/A/LaunchServices
0x00007fff54200000 	/System/Library/Frameworks/CoreServices.framework/Versions/A/Frameworks/DictionaryServices.framework/Versions/A/DictionaryServices
0x00007fff54556000 	/System/Library/Frameworks/CoreServices.framework/Versions/A/Frameworks/SharedFileList.framework/Versions/A/SharedFileList
0x00007fff588c0000 	/System/Library/Frameworks/NetFS.framework/Versions/A/NetFS
0x00007fff71a3c000 	/System/Library/PrivateFrameworks/NetAuth.framework/Versions/A/NetAuth
0x00007fff7b3f0000 	/System/Library/PrivateFrameworks/login.framework/Versions/A/Frameworks/loginsupport.framework/Versions/A/loginsupport
0x00007fff79511000 	/System/Library/PrivateFrameworks/TCC.framework/Versions/A/TCC
0x00007fff669b2000 	/System/Library/PrivateFrameworks/CoreNLP.framework/Versions/A/CoreNLP
0x00007fff714d1000 	/System/Library/PrivateFrameworks/MetadataUtilities.framework/Versions/A/MetadataUtilities
0x00007fff7cc43000 	/usr/lib/libmecabra.dylib
0x00007fff51074000 	/System/Library/Frameworks/ApplicationServices.framework/Versions/A/Frameworks/ATS.framework/Versions/A/ATS
0x00007fff513c3000 	/System/Library/Frameworks/ApplicationServices.framework/Versions/A/Frameworks/ColorSyncLegacy.framework/Versions/A/ColorSyncLegacy
0x00007fff51462000 	/System/Library/Frameworks/ApplicationServices.framework/Versions/A/Frameworks/HIServices.framework/Versions/A/HIServices
0x00007fff514b5000 	/System/Library/Frameworks/ApplicationServices.framework/Versions/A/Frameworks/LangAnalysis.framework/Versions/A/LangAnalysis
0x00007fff514c5000 	/System/Library/Frameworks/ApplicationServices.framework/Versions/A/Frameworks/PrintCore.framework/Versions/A/PrintCore
0x00007fff5150f000 	/System/Library/Frameworks/ApplicationServices.framework/Versions/A/Frameworks/QD.framework/Versions/A/QD
0x00007fff51549000 	/System/Library/Frameworks/ApplicationServices.framework/Versions/A/Frameworks/SpeechSynthesis.framework/Versions/A/SpeechSynthesis
0x00007fff7be8a000 	/usr/lib/libcompression.dylib
0x00007fff57ac8000 	/System/Library/Frameworks/MetalPerformanceShaders.framework/Versions/A/MetalPerformanceShaders
0x00007fff4f050000 	/System/Library/Frameworks/Accelerate.framework/Versions/A/Frameworks/vImage.framework/Versions/A/vImage
0x00007fff500ca000 	/System/Library/Frameworks/Accelerate.framework/Versions/A/Frameworks/vecLib.framework/Versions/A/vecLib
0x00007fff50016000 	/System/Library/Frameworks/Accelerate.framework/Versions/A/Frameworks/vecLib.framework/Versions/A/libvMisc.dylib
0x00007fff4fe2e000 	/System/Library/Frameworks/Accelerate.framework/Versions/A/Frameworks/vecLib.framework/Versions/A/libvDSP.dylib
0x00007fff4f6ea000 	/System/Library/Frameworks/Accelerate.framework/Versions/A/Frameworks/vecLib.framework/Versions/A/libBLAS.dylib
0x00007fff4f9d7000 	/System/Library/Frameworks/Accelerate.framework/Versions/A/Frameworks/vecLib.framework/Versions/A/libLAPACK.dylib
0x00007fff4fd81000 	/System/Library/Frameworks/Accelerate.framework/Versions/A/Frameworks/vecLib.framework/Versions/A/libLinearAlgebra.dylib
0x00007fff4fe1a000 	/System/Library/Frameworks/Accelerate.framework/Versions/A/Frameworks/vecLib.framework/Versions/A/libSparseBLAS.dylib
0x00007fff4fd97000 	/System/Library/Frameworks/Accelerate.framework/Versions/A/Frameworks/vecLib.framework/Versions/A/libQuadrature.dylib
0x00007fff4f964000 	/System/Library/Frameworks/Accelerate.framework/Versions/A/Frameworks/vecLib.framework/Versions/A/libBNNS.dylib
0x00007fff4fd9d000 	/System/Library/Frameworks/Accelerate.framework/Versions/A/Frameworks/vecLib.framework/Versions/A/libSparse.dylib
0x00007fff6dd00000 	/System/Library/PrivateFrameworks/GPUWrangler.framework/Versions/A/GPUWrangler
0x00007fff70000000 	/System/Library/PrivateFrameworks/IOAccelerator.framework/Versions/A/IOAccelerator
0x00007fff7000b000 	/System/Library/PrivateFrameworks/IOPresentment.framework/Versions/A/IOPresentment
0x00007fff6778a000 	/System/Library/PrivateFrameworks/DSExternalDisplay.framework/Versions/A/DSExternalDisplay
0x00007fff5bd3c000 	/System/Library/Frameworks/OpenGL.framework/Versions/A/Libraries/libCoreFSCache.dylib
0x00007fff578bc000 	/System/Library/Frameworks/MetalPerformanceShaders.framework/Frameworks/MPSCore.framework/Versions/A/MPSCore
0x00007fff578dc000 	/System/Library/Frameworks/MetalPerformanceShaders.framework/Frameworks/MPSImage.framework/Versions/A/MPSImage
0x00007fff57981000 	/System/Library/Frameworks/MetalPerformanceShaders.framework/Frameworks/MPSNeuralNetwork.framework/Versions/A/MPSNeuralNetwork
0x00007fff57959000 	/System/Library/Frameworks/MetalPerformanceShaders.framework/Frameworks/MPSMatrix.framework/Versions/A/MPSMatrix
0x00007fff57aad000 	/System/Library/Frameworks/MetalPerformanceShaders.framework/Frameworks/MPSRayIntersector.framework/Versions/A/MPSRayIntersector
0x00007fff714fa000 	/System/Library/PrivateFrameworks/MetalTools.framework/Versions/A/MetalTools
0x00007fff62642000 	/System/Library/PrivateFrameworks/AggregateDictionary.framework/Versions/A/AggregateDictionary
0x00007fff7ba6b000 	/usr/lib/libMobileGestalt.dylib
0x00007fff549e5000 	/System/Library/Frameworks/CoreVideo.framework/Versions/A/CoreVideo
0x00007fff6eb11000 	/System/Library/PrivateFrameworks/GraphVisualizer.framework/Versions/A/GraphVisualizer
0x00007fff68990000 	/System/Library/PrivateFrameworks/FaceCore.framework/Versions/A/FaceCore
0x00007fff5b36a000 	/System/Library/Frameworks/OpenCL.framework/Versions/A/OpenCL
0x00007fff7b7c3000 	/usr/lib/libFosl_dynamic.dylib
0x00007fff722a7000 	/System/Library/PrivateFrameworks/OTSVG.framework/Versions/A/OTSVG
0x00007fff51178000 	/System/Library/Frameworks/ApplicationServices.framework/Versions/A/Frameworks/ATS.framework/Versions/A/Resources/libFontParser.dylib
0x00007fff51290000 	/System/Library/Frameworks/ApplicationServices.framework/Versions/A/Frameworks/ATS.framework/Versions/A/Resources/libFontRegistry.dylib
0x00007fff558f1000 	/System/Library/Frameworks/ImageIO.framework/Versions/A/Resources/libJPEG.dylib
0x00007fff55c03000 	/System/Library/Frameworks/ImageIO.framework/Versions/A/Resources/libTIFF.dylib
0x00007fff55bd9000 	/System/Library/Frameworks/ImageIO.framework/Versions/A/Resources/libPng.dylib
0x00007fff5580f000 	/System/Library/Frameworks/ImageIO.framework/Versions/A/Resources/libGIF.dylib
0x00007fff55814000 	/System/Library/Frameworks/ImageIO.framework/Versions/A/Resources/libJP2.dylib
0x00007fff55c00000 	/System/Library/Frameworks/ImageIO.framework/Versions/A/Resources/libRadiance.dylib
0x00007fff62eef000 	/System/Library/PrivateFrameworks/AppleJPEG.framework/Versions/A/AppleJPEG
0x00007fff5bd47000 	/System/Library/Frameworks/OpenGL.framework/Versions/A/Libraries/libGFXShared.dylib
0x00007fff5bf0a000 	/System/Library/Frameworks/OpenGL.framework/Versions/A/Libraries/libGLU.dylib
0x00007fff5bd50000 	/System/Library/Frameworks/OpenGL.framework/Versions/A/Libraries/libGL.dylib
0x00007fff5bd5c000 	/System/Library/Frameworks/OpenGL.framework/Versions/A/Libraries/libGLImage.dylib
0x00007fff5bd39000 	/System/Library/Frameworks/OpenGL.framework/Versions/A/Libraries/libCVMSPluginSupport.dylib
0x00007fff5bd42000 	/System/Library/Frameworks/OpenGL.framework/Versions/A/Libraries/libCoreVMClient.dylib
0x00007fff7c5db000 	/usr/lib/libcups.2.dylib
0x00007fff56dc3000 	/System/Library/Frameworks/Kerberos.framework/Versions/A/Kerberos
0x00007fff552f3000 	/System/Library/Frameworks/GSS.framework/Versions/A/GSS
0x00007fff7dcee000 	/usr/lib/libresolv.9.dylib
0x00007fff7c7cd000 	/usr/lib/libiconv.2.dylib
0x00007fff6ec86000 	/System/Library/PrivateFrameworks/Heimdal.framework/Versions/A/Heimdal
0x00007fff7c79d000 	/usr/lib/libheimdal-asn1.dylib
0x00007fff5b3de000 	/System/Library/Frameworks/OpenDirectory.framework/Versions/A/OpenDirectory
0x00007fff65715000 	/System/Library/PrivateFrameworks/CommonAuth.framework/Versions/A/CommonAuth
0x00007fff5b3c2000 	/System/Library/Frameworks/OpenDirectory.framework/Versions/A/Frameworks/CFOpenDirectory.framework/Versions/A/CFOpenDirectory
0x00007fff5e484000 	/System/Library/Frameworks/SecurityFoundation.framework/Versions/A/SecurityFoundation
0x00007fff61b88000 	/System/Library/PrivateFrameworks/APFS.framework/Versions/A/APFS
0x00007fff7e14f000 	/usr/lib/libutil.dylib
0x00007fff7be78000 	/usr/lib/libcharset.1.dylib
0x00007fff6318c000 	/System/Library/PrivateFrameworks/AppleSauce.framework/Versions/A/AppleSauce
0x00007fff6330d000 	/System/Library/PrivateFrameworks/AssertionServices.framework/Versions/A/AssertionServices
0x00007fff63a3d000 	/System/Library/PrivateFrameworks/BaseBoard.framework/Versions/A/BaseBoard
0x00007fff7cb9e000 	/usr/lib/libmecab.1.0.0.dylib
0x00007fff7c797000 	/usr/lib/libgermantok.dylib
0x00007fff7bc48000 	/usr/lib/libThaiTokenizer.dylib
0x00007fff7b6f3000 	/usr/lib/libChineseTokenizer.dylib
0x00007fff706b8000 	/System/Library/PrivateFrameworks/LanguageModeling.framework/Versions/A/LanguageModeling
0x00007fff663f7000 	/System/Library/PrivateFrameworks/CoreEmoji.framework/Versions/A/CoreEmoji
0x00007fff70794000 	/System/Library/PrivateFrameworks/Lexicon.framework/Versions/A/Lexicon
0x00007fff707d7000 	/System/Library/PrivateFrameworks/LinguisticData.framework/Versions/A/LinguisticData
0x00007fff7be79000 	/usr/lib/libcmph.dylib
0x00007fff5e542000 	/System/Library/Frameworks/ServiceManagement.framework/Versions/A/ServiceManagement
0x00007fff6399e000 	/System/Library/PrivateFrameworks/BackgroundTaskManagement.framework/Versions/A/BackgroundTaskManagement
0x00007fff7e248000 	/usr/lib/libxslt.1.dylib
0x00007fff521e5000 	/System/Library/Frameworks/Carbon.framework/Versions/A/Frameworks/Ink.framework/Versions/A/Ink
0x00007fff79783000 	/System/Library/PrivateFrameworks/TextureIO.framework/Versions/A/TextureIO
0x00007fff7bc9c000 	/usr/lib/libate.dylib
0x00007fff676d9000 	/System/Library/PrivateFrameworks/CrashReporterSupport.framework/Versions/A/CrashReporterSupport
0x00007fff76ebd000 	/System/Library/PrivateFrameworks/Sharing.framework/Versions/A/Sharing
0x00007fff636f0000 	/System/Library/PrivateFrameworks/AuthKit.framework/Versions/A/AuthKit
0x00007fff62c44000 	/System/Library/PrivateFrameworks/Apple80211.framework/Versions/A/Apple80211
0x00007fff67481000 	/System/Library/PrivateFrameworks/CoreUtils.framework/Versions/A/CoreUtils
0x00007fff54a26000 	/System/Library/Frameworks/CoreWLAN.framework/Versions/A/CoreWLAN
0x00007fff55422000 	/System/Library/Frameworks/IOBluetooth.framework/Versions/A/IOBluetooth
0x00007fff75331000 	/System/Library/PrivateFrameworks/ProtocolBuffer.framework/Versions/A/ProtocolBuffer
0x00007fff71732000 	/System/Library/PrivateFrameworks/MobileKeyBag.framework/Versions/A/MobileKeyBag
0x00007fff66cc5000 	/System/Library/PrivateFrameworks/CorePhoneNumbers.framework/Versions/A/CorePhoneNumbers
0x00007fff62ea3000 	/System/Library/PrivateFrameworks/AppleIDAuthSupport.framework/Versions/A/AppleIDAuthSupport
0x00007fff7068b000 	/System/Library/PrivateFrameworks/KeychainCircle.framework/Versions/A/KeychainCircle
0x00007fff754e7000 	/System/Library/PrivateFrameworks/ROCKit.framework/Versions/A/ROCKit
0x00007fff67675000 	/System/Library/PrivateFrameworks/CoreWiFi.framework/Versions/A/CoreWiFi
0x00007fff527b3000 	/System/Library/Frameworks/CoreBluetooth.framework/Versions/A/CoreBluetooth
0x00007fff678d0000 	/System/Library/PrivateFrameworks/DebugSymbols.framework/Versions/A/DebugSymbols
0x00007fff67241000 	/System/Library/PrivateFrameworks/CoreSymbolication.framework/Versions/A/CoreSymbolication
0x00007fff78f9e000 	/System/Library/PrivateFrameworks/Symbolication.framework/Versions/A/Symbolication
0x00007fff78841000 	/System/Library/PrivateFrameworks/SpeechRecognitionCore.framework/Versions/A/SpeechRecognitionCore
0x000000010fad3000 	/Library/Java/JavaVirtualMachines/jdk-9.0.1.jdk/Contents/Home/lib/server/libjvm.dylib
0x00007fff7e02a000 	/usr/lib/libstdc++.6.dylib
0x0000000110775000 	/Library/Java/JavaVirtualMachines/jdk-9.0.1.jdk/Contents/Home/lib/libverify.dylib
0x0000000110782000 	/Library/Java/JavaVirtualMachines/jdk-9.0.1.jdk/Contents/Home/lib/libjava.dylib
0x00000001107d6000 	/Library/Java/JavaVirtualMachines/jdk-9.0.1.jdk/Contents/Home/lib/libzip.dylib
0x00000001107de000 	/Library/Java/JavaVirtualMachines/jdk-9.0.1.jdk/Contents/Home/lib/libjimage.dylib
0x0000000113410000 	/Library/Java/JavaVirtualMachines/jdk-9.0.1.jdk/Contents/Home/lib/libnio.dylib
0x0000000113420000 	/Library/Java/JavaVirtualMachines/jdk-9.0.1.jdk/Contents/Home/lib/./libnet.dylib
0x00000001134e1000 	/Library/Java/JavaVirtualMachines/jdk-9.0.1.jdk/Contents/Home/lib/libawt.dylib
0x0000000113586000 	/Library/Java/JavaVirtualMachines/jdk-9.0.1.jdk/Contents/Home/lib/./libmlib_image.dylib
0x00007fff56dac000 	/System/Library/Frameworks/JavaVM.framework/Versions/A/Frameworks/JavaNativeFoundation.framework/Versions/A/JavaNativeFoundation
0x00007fff56db5000 	/System/Library/Frameworks/JavaVM.framework/Versions/A/Frameworks/JavaRuntimeSupport.framework/Versions/A/JavaRuntimeSupport
0x00007fff56dbe000 	/System/Library/Frameworks/JavaVM.framework/Versions/A/JavaVM
0x00007fff705aa000 	/System/Library/PrivateFrameworks/JavaLaunching.framework/Versions/A/JavaLaunching
0x00007fff51ede000 	/System/Library/Frameworks/Carbon.framework/Versions/A/Carbon
0x00007fff51edf000 	/System/Library/Frameworks/Carbon.framework/Versions/A/Frameworks/CommonPanels.framework/Versions/A/CommonPanels
0x00007fff521db000 	/System/Library/Frameworks/Carbon.framework/Versions/A/Frameworks/Help.framework/Versions/A/Help
0x00007fff521df000 	/System/Library/Frameworks/Carbon.framework/Versions/A/Frameworks/ImageCapture.framework/Versions/A/ImageCapture
0x00007fff5227b000 	/System/Library/Frameworks/Carbon.framework/Versions/A/Frameworks/OpenScripting.framework/Versions/A/OpenScripting
0x00007fff522b3000 	/System/Library/Frameworks/Carbon.framework/Versions/A/Frameworks/Print.framework/Versions/A/Print
0x00007fff522b5000 	/System/Library/Frameworks/Carbon.framework/Versions/A/Frameworks/SecurityHI.framework/Versions/A/SecurityHI
0x00000001135f4000 	/Library/Java/JavaVirtualMachines/jdk-9.0.1.jdk/Contents/Home/lib/libawt_lwawt.dylib
0x00000001136b4000 	/Library/Java/JavaVirtualMachines/jdk-9.0.1.jdk/Contents/Home/lib/./libosxapp.dylib
0x00007fff54eb0000 	/System/Library/Frameworks/ExceptionHandling.framework/Versions/A/ExceptionHandling
0x0000000113852000 	/Library/Java/JavaVirtualMachines/jdk-9.0.1.jdk/Contents/Home/lib/libfontmanager.dylib
0x00007fff66e49000 	/System/Library/PrivateFrameworks/CoreServicesInternal.framework/Versions/A/CoreServicesInternal
0x00007fff473b6000 	/System/Library/CoreServices/RawCamera.bundle/Contents/MacOS/RawCamera
0x00007fff7159e000 	/System/Library/PrivateFrameworks/MobileAsset.framework/Versions/A/MobileAsset
0x00007fff78eec000 	/System/Library/PrivateFrameworks/StreamingZip.framework/Versions/A/StreamingZip
0x00007fff57150000 	/System/Library/Frameworks/MediaToolbox.framework/Versions/A/MediaToolbox
0x00007fff65f9b000 	/System/Library/PrivateFrameworks/CoreAVCHD.framework/Versions/A/CoreAVCHD
0x00007fff57096000 	/System/Library/Frameworks/MediaAccessibility.framework/Versions/A/MediaAccessibility
0x00007fff70ffa000 	/System/Library/PrivateFrameworks/Mangrove.framework/Versions/A/Mangrove
0x00007fff53d49000 	/System/Library/Frameworks/CoreMedia.framework/Versions/A/CoreMedia
0x00007fff5ebab000 	/System/Library/Frameworks/VideoToolbox.framework/Versions/A/VideoToolbox
0x00007fff65bb7000 	/System/Library/PrivateFrameworks/CoreAUC.framework/Versions/A/CoreAUC
0x00007fff7dd57000 	/usr/lib/libspindump.dylib
0x00007fff63272000 	/System/Library/PrivateFrameworks/AppleVA.framework/Versions/A/AppleVA
0x00007fff4f039000 	/System/Library/Frameworks/Accelerate.framework/Versions/A/Frameworks/vImage.framework/Versions/A/Libraries/libCGInterfaces.dylib
0x00007fff5132c000 	/System/Library/Frameworks/ApplicationServices.framework/Versions/A/Frameworks/ATS.framework/Versions/A/Resources/libTrueTypeScaler.dylib
0x00007fff4a6ea000 	/System/Library/Extensions/AppleIntelBDWGraphicsMTLDriver.bundle/Contents/MacOS/AppleIntelBDWGraphicsMTLDriver
0x00007fff6c65f000 	/System/Library/PrivateFrameworks/GPUCompiler.framework/Versions/3902/Libraries/libmetal_timestamp.dylib
0x00007fff7a73b000 	/System/Library/PrivateFrameworks/ViewBridge.framework/Versions/A/ViewBridge
0x0000000137964000 	/Users/x/Documents/003_Tools/006_ControlledLandingSim/BlueBook-Descent-and-Landing-Analysis-Toolkit-DaLAT/lib/natives/liblwjgl.dylib
0x00000001137bb000 	/Library/Java/JavaVirtualMachines/jdk-9.0.1.jdk/Contents/Home/lib/libjawt.dylib
0x00007fff5c8f5000 	/System/Library/Frameworks/OpenGL.framework/Versions/A/Resources/GLEngine.bundle/GLEngine
0x00007fff5bd97000 	/System/Library/Frameworks/OpenGL.framework/Versions/A/Libraries/libGLProgrammability.dylib
0x00007fff4a1e5000 	/System/Library/Extensions/AppleIntelBDWGraphicsGLDriver.bundle/Contents/MacOS/AppleIntelBDWGraphicsGLDriver
0x00007fff6dcf4000 	/System/Library/PrivateFrameworks/GPUSupport.framework/Versions/A/Libraries/libGPUSupportMercury.dylib
0x00007fff5ca8d000 	/System/Library/Frameworks/OpenGL.framework/Versions/A/Resources/GLRendererFloat.bundle/GLRendererFloat
0x00007fff5b361000 	/System/Library/Frameworks/OpenCL.framework/Versions/A/Libraries/libcldcpuengine.dylib
0x00007fff7c2cd000 	/usr/lib/libcrypto.35.dylib
0x00007fff79901000 	/System/Library/PrivateFrameworks/TrustEvaluationAgent.framework/Versions/A/TrustEvaluationAgent

VM Arguments:
jvm_args: -Djava.library.path=/Users/x/Documents/003_Tools/006_ControlledLandingSim/BlueBook-Descent-and-Landing-Analysis-Toolkit-DaLAT/lib/natives:/Users/x/Documents/003_Tools/006_ControlledLandingSim/BlueBook-Descent-and-Landing-Analysis-Toolkit-DaLAT/lib/natives:/Users/x/Documents/003_Tools/006_ControlledLandingSim/BlueBook-Descent-and-Landing-Analysis-Toolkit-DaLAT/lib/natives:/Users/x/Documents/003_Tools/006_ControlledLandingSim/BlueBook-Descent-and-Landing-Analysis-Toolkit-DaLAT/lib/natives -Dfile.encoding=UTF-8 
java_command: VisualEngine.engineTester.MainGameLoop
java_class_path (initial): /Users/x/Documents/003_Tools/006_ControlledLandingSim/BlueBook-Descent-and-Landing-Analysis-Toolkit-DaLAT/bin:/Users/x/Documents/003_Tools/006_ControlledLandingSim/BlueBook-Descent-and-Landing-Analysis-Toolkit-DaLAT/lib/jcommon-1.0.23.jar:/Users/x/Documents/003_Tools/006_ControlledLandingSim/BlueBook-Descent-and-Landing-Analysis-Toolkit-DaLAT/lib/jfreechart-1.0.19.jar:/Users/x/Documents/003_Tools/006_ControlledLandingSim/BlueBook-Descent-and-Landing-Analysis-Toolkit-DaLAT/lib/commons-io-2.6-javadoc.jar:/Users/x/Documents/003_Tools/006_ControlledLandingSim/BlueBook-Descent-and-Landing-Analysis-Toolkit-DaLAT/lib/commons-io-2.6-sources.jar:/Users/x/Documents/003_Tools/006_ControlledLandingSim/BlueBook-Descent-and-Landing-Analysis-Toolkit-DaLAT/lib/commons-io-2.6-test-sources.jar:/Users/x/Documents/003_Tools/006_ControlledLandingSim/BlueBook-Descent-and-Landing-Analysis-Toolkit-DaLAT/lib/commons-io-2.6-tests.jar:/Users/x/Documents/003_Tools/006_ControlledLandingSim/BlueBook-Descent-and-Landing-Analysis-Toolkit-DaLAT/lib/commons-io-2.6.jar:/Users/x/Documents/003_Tools/006_ControlledLandingSim/BlueBook-Descent-and-Landing-Analysis-Toolkit-DaLAT/lib/jars/slick-util.jar:/Users/x/Documents/003_Tools/006_ControlledLandingSim/BlueBook-Descent-and-Landing-Analysis-Toolkit-DaLAT/lib/jars/lwjgl_util.jar:/Users/x/Documents/003_Tools/006_ControlledLandingSim/BlueBook-Descent-and-Landing-Analysis-Toolkit-DaLAT/lib/jars/lwjgl.jar:/Users/x/Documents/003_Tools/006_ControlledLandingSim/BlueBook-Descent-and-Landing-Analysis-Toolkit-DaLAT/lib/jars/lwjgl-glfw.jar:/Users/x/Documents/003_Tools/006_ControlledLandingSim/BlueBook-Descent-and-Landing-Analysis-Toolkit-DaLAT/lib/commons-math3-3.6.1-javadoc.jar:/Users/x/Documents/003_Tools/006_ControlledLandingSim/BlueBook-Descent-and-Landing-Analysis-Toolkit-DaLAT/lib/commons-math3-3.6.1-sources.jar:/Users/x/Documents/003_Tools/006_ControlledLandingSim/BlueBook-Descent-and-Landing-Analysis-Toolkit-DaLAT/lib/commons-mat
Launcher Type: SUN_STANDARD

Logging:
Log output configuration:
#0: stdout all=warning uptime,level,tags
#1: stderr all=off uptime,level,tags

Environment Variables:
PATH=/usr/bin:/bin:/usr/sbin:/sbin
SHELL=/bin/bash

Signal Handlers:
SIGSEGV: [libjvm.dylib+0x73e2dc], sa_mask[0]=11111111011111110111111111111111, sa_flags=SA_ONSTACK|SA_RESTART|SA_SIGINFO
SIGBUS: [libjvm.dylib+0x73e2dc], sa_mask[0]=11111111011111110111111111111111, sa_flags=SA_RESTART|SA_SIGINFO
SIGFPE: [libjvm.dylib+0x73e2dc], sa_mask[0]=11111111011111110111111111111111, sa_flags=SA_RESTART|SA_SIGINFO
SIGPIPE: [libjvm.dylib+0x5f15ac], sa_mask[0]=11111111011111110111111111111111, sa_flags=SA_RESTART|SA_SIGINFO
SIGXFSZ: [libjvm.dylib+0x5f15ac], sa_mask[0]=11111111011111110111111111111111, sa_flags=SA_RESTART|SA_SIGINFO
SIGILL: [libjvm.dylib+0x73e2dc], sa_mask[0]=11111111011111110111111111111111, sa_flags=SA_RESTART|SA_SIGINFO
SIGUSR2: [libjvm.dylib+0x5f1e3c], sa_mask[0]=00100000000000000000000000000000, sa_flags=SA_RESTART|SA_SIGINFO
SIGHUP: [libjvm.dylib+0x5f0679], sa_mask[0]=11111111011111110111111111111111, sa_flags=SA_RESTART|SA_SIGINFO
SIGINT: [libjvm.dylib+0x5f0679], sa_mask[0]=11111111011111110111111111111111, sa_flags=SA_RESTART|SA_SIGINFO
SIGTERM: [libjvm.dylib+0x5f0679], sa_mask[0]=11111111011111110111111111111111, sa_flags=SA_RESTART|SA_SIGINFO
SIGQUIT: [libjvm.dylib+0x5f0679], sa_mask[0]=11111111011111110111111111111111, sa_flags=SA_RESTART|SA_SIGINFO


---------------  S Y S T E M  ---------------

OS:uname:Darwin 18.7.0 Darwin Kernel Version 18.7.0: Tue Aug 20 16:57:14 PDT 2019; root:xnu-4903.271.2~2/RELEASE_X86_64 x86_64
rlimit: STACK 8192k, CORE 0k, NPROC 709, NOFILE 10240, AS infinity
load average:5.33 2.78 2.14

CPU:total 4 (initial active 4) (2 cores per cpu, 2 threads per core) family 6 model 61 stepping 4, cmov, cx8, fxsr, mmx, sse, sse2, sse3, ssse3, sse4.1, sse4.2, popcnt, avx, avx2, aes, clmul, erms, rtm, 3dnowpref, lzcnt, ht, tsc, tscinvbit, bmi1, bmi2, adx, fma

Memory: 4k page, physical 8388608k(947232k free)

vm_info: Java HotSpot(TM) 64-Bit Server VM (9.0.1+11) for bsd-amd64 JRE (9.0.1+11), built on Sep 28 2017 03:49:57 by "mach5one" with gcc 4.2.1 Compatible Apple LLVM 6.1.0 (clang-602.0.49)

END.
