This is LuaTeX, Version 1.09.2 (MiKTeX 2.9.6960 64-bit)  (format=lualatex 2019.6.11)  11 JUN 2019 17:35
 restricted system commands enabled.
**main.tex
(./main.tex
LaTeX2e <2018-12-01>
Lua module: luaotfload-main 2018-12-19 2.94 luaotfload entry point
Lua module: luaotfload-init 2018-12-19 2.94 luaotfload submodule / initializatio
n
Lua module: lualibs 2018-12-19 2.62 ConTeXt Lua standard libraries.
Lua module: lualibs-extended 2018-12-19 2.62 ConTeXt Lua libraries -- extended c
ollection.
Lua module: luaotfload-log 2018-12-19 2.94 luaotfload submodule / logging
Lua module: luaotfload-parsers 2018-12-19 2.94 luaotfload submodule / filelist
Lua module: luaotfload-configuration 2018-12-19 2.94 luaotfload submodule / conf
ig file reader
luaotfload | conf : Root cache directory is C:/Users/Max Braun/AppData/Local/MiK
TeX/2.9/luatex-cache/generic/names.
luaotfload | init : Loading fontloader “fontloader-2018-12-19.lua” from kpse
-resolved path “C:/Users/Max Braun/AppData/Local/Programs/MiKTeX 2.9/tex/luate
x/luaotfload/fontloader-2018-12-19.lua”.
Lua-only attribute luaotfload@state = 1
Lua-only attribute luaotfload@noligature = 2
Lua-only attribute luaotfload@syllabe = 3
luaotfload | init : Context OpenType loader version “3.107”
Inserting `luaotfload.node_processor' at position 1 in `pre_linebreak_filter'.
Inserting `luaotfload.node_processor' at position 1 in `hpack_filter'.
Lua module: luaotfload-loaders 2018-12-19 2.94 luaotfload submodule / callback h
andling
Inserting `luaotfload.define_font' at position 1 in `define_font'.
Lua module: luaotfload-database 2018-12-19 2.94 luaotfload submodule / database
Lua module: luaotfload-colors 2018-12-19 2.94 luaotfload submodule / color
Lua-only attribute luaotfload_color_attribute = 4
Lua module: luaotfload-resolvers 2018-12-19 2.94 luaotfload submodule / resolver
s
luaotfload | conf : Root cache directory is C:/Users/Max Braun/AppData/Local/MiK
TeX/2.9/luatex-cache/generic/names.
Lua module: luaotfload-features 2018-12-19 2.94 luaotfload submodule / features
Lua module: luaotfload-letterspace 2018-12-19 2.94 luaotfload submodule / color
Lua module: luaotfload-auxiliary 2018-12-19 2.94 luaotfload submodule / auxiliar
y functions
Inserting `luaotfload.aux.set_sscale_dimens' at position 1 in `luaotfload.patch_
font'.
Inserting `luaotfload.aux.patch_cambria_domh' at position 2 in `luaotfload.patch
_font'.
Inserting `luaotfload.aux.fixup_fontdata' at position 1 in `luaotfload.patch_fon
t_unsafe'.
Inserting `luaotfload.aux.set_capheight' at position 3 in `luaotfload.patch_font
'.
Inserting `luaotfload.rewrite_fontname' at position 4 in `luaotfload.patch_font'
.
luaotfload | main : initialization completed in 5.218 seconds
(./kaobook.cls
Document Class: kaobook 2019/06/05 v1.0 kaobook class v1.0

("C:/Users/Max Braun/AppData/Local/Programs/MiKTeX 2.9/tex/latex/koma-script/sc
rbook.cls"
Document Class: scrbook 2019/02/01 v3.26b KOMA-Script document class (book)

("C:/Users/Max Braun/AppData/Local/Programs/MiKTeX 2.9/tex/latex/koma-script/sc
rkbase.sty"
Package: scrkbase 2019/02/01 v3.26b KOMA-Script package (KOMA-Script-dependent b
asics and keyval usage)

("C:/Users/Max Braun/AppData/Local/Programs/MiKTeX 2.9/tex/latex/koma-script/sc
rbase.sty"
Package: scrbase 2019/02/01 v3.26b KOMA-Script package (KOMA-Script-independent 
basics and keyval usage)

("C:/Users/Max Braun/AppData/Local/Programs/MiKTeX 2.9/tex/latex/graphics/keyva
l.sty"
Package: keyval 2014/10/28 v1.15 key=value parser (DPC)
\KV@toks@=\toks14
)
("C:/Users/Max Braun/AppData/Local/Programs/MiKTeX 2.9/tex/latex/koma-script/sc
rlfile.sty"
Package: scrlfile 2019/02/01 v3.26b KOMA-Script package (loading files)
)))
("C:/Users/Max Braun/AppData/Local/Programs/MiKTeX 2.9/tex/latex/koma-script/to
cbasic.sty"
Package: tocbasic 2019/02/01 v3.26b KOMA-Script package (handling toc-files)
\scr@dte@tocline@numberwidth=\skip41
\scr@dte@tocline@numbox=\box27
)
Package tocbasic Info: omitting babel extension for `toc'
(tocbasic)             because of feature `nobabel' available
(tocbasic)             for `toc' on input line 136.
Class scrbook Info: File `scrsize10pt.clo' used to setup font sizes on input lin
e 2376.

("C:/Users/Max Braun/AppData/Local/Programs/MiKTeX 2.9/tex/latex/koma-script/sc
rsize10pt.clo"
File: scrsize10pt.clo 2019/02/01 v3.26b KOMA-Script font size class option (10pt
)
luaotfload | db : Font names database loaded from C:/Users/Max Braun/AppData/Loc
al/MiKTeX/2.9/luatex-cache/generic/names/luaotfload-names.luc)
("C:/Users/Max Braun/AppData/Local/Programs/MiKTeX 2.9/tex/latex/koma-script/ty
pearea.sty"
Package: typearea 2019/02/01 v3.26b KOMA-Script package (type area)
\ta@bcor=\skip42
\ta@div=\count80
\ta@hblk=\skip43
\ta@vblk=\skip44
\ta@temp=\skip45
\footheight=\skip46
Package typearea Info: These are the values describing the layout:
(typearea)             DIV  = 8
(typearea)             BCOR = 0.0pt
(typearea)             \paperwidth      = 597.50793pt
(typearea)              \textwidth      = 373.44246pt
(typearea)              DIV departure   = -4%
(typearea)              \evensidemargin = 77.107pt
(typearea)              \oddsidemargin  = 2.4185pt
(typearea)             \paperheight     = 845.04694pt
(typearea)              \textheight     = 538.0pt
(typearea)              \topmargin      = 0.36087pt
(typearea)              \headheight     = 15.0pt
(typearea)              \headsep        = 18.0pt
(typearea)              \topskip        = 10.0pt
(typearea)              \footskip       = 42.0pt
(typearea)              \baselineskip   = 12.0pt
(typearea)              on input line 1715.
)
\c@part=\count81
\c@chapter=\count82
\c@section=\count83
\c@subsection=\count84
\c@subsubsection=\count85
\c@paragraph=\count86
\c@subparagraph=\count87
\scr@dte@chapter@maxnumwidth=\skip47
Class scrbook Info: using compatibility default `afterindent=bysign'
(scrbook)           for `\chapter on input line 5303.
\scr@dte@section@maxnumwidth=\skip48
Class scrbook Info: using compatibility default `runin=bysign'
(scrbook)           for `\section on input line 5313.
Class scrbook Info: using compatibility default `afterindent=bysign'
(scrbook)           for `\section on input line 5313.
\scr@dte@part@maxnumwidth=\skip49
Class scrbook Info: using compatibility default `afterindent=true'
(scrbook)           for `\part on input line 5322.
\scr@dte@subsection@maxnumwidth=\skip50
Class scrbook Info: using compatibility default `runin=bysign'
(scrbook)           for `\subsection on input line 5332.
Class scrbook Info: using compatibility default `afterindent=bysign'
(scrbook)           for `\subsection on input line 5332.
\scr@dte@subsubsection@maxnumwidth=\skip51
Class scrbook Info: using compatibility default `runin=bysign'
(scrbook)           for `\subsubsection on input line 5342.
Class scrbook Info: using compatibility default `afterindent=bysign'
(scrbook)           for `\subsubsection on input line 5342.
\scr@dte@paragraph@maxnumwidth=\skip52
Class scrbook Info: using compatibility default `runin=bysign'
(scrbook)           for `\paragraph on input line 5352.
Class scrbook Info: using compatibility default `afterindent=bysign'
(scrbook)           for `\paragraph on input line 5352.
\scr@dte@subparagraph@maxnumwidth=\skip53
Class scrbook Info: using compatibility default `runin=bysign'
(scrbook)           for `\subparagraph on input line 5362.
Class scrbook Info: using compatibility default `afterindent=bysign'
(scrbook)           for `\subparagraph on input line 5362.
\abovecaptionskip=\skip54
\belowcaptionskip=\skip55
\c@pti@nb@sid@b@x=\box28
Package tocbasic Info: omitting babel extension for `lof'
(tocbasic)             because of feature `nobabel' available
(tocbasic)             for `lof' on input line 6617.
\scr@dte@figure@maxnumwidth=\skip56
\c@figure=\count88
Package tocbasic Info: omitting babel extension for `lot'
(tocbasic)             because of feature `nobabel' available
(tocbasic)             for `lot' on input line 6638.
\scr@dte@table@maxnumwidth=\skip57
\c@table=\count89
Class scrbook Info: Redefining `\numberline' on input line 6811.
\bibindent=\dimen102
)
("C:/Users/Max Braun/AppData/Local/Programs/MiKTeX 2.9/tex/latex/etoolbox/etool
box.sty"
Package: etoolbox 2018/08/19 v2.5f e-TeX tools for LaTeX (JAW)
\etb@tempcnta=\count90
)
("C:/Users/Max Braun/AppData/Local/Programs/MiKTeX 2.9/tex/latex/tools/calc.sty
"
Package: calc 2017/05/25 v4.3 Infix arithmetic (KKT,FJ)
\calc@Acount=\count91
\calc@Bcount=\count92
\calc@Adimen=\dimen103
\calc@Bdimen=\dimen104
\calc@Askip=\skip58
\calc@Bskip=\skip59
LaTeX Info: Redefining \setlength on input line 80.
LaTeX Info: Redefining \addtolength on input line 81.
\calc@Ccount=\count93
\calc@Cskip=\skip60
)
("C:/Users/Max Braun/AppData/Local/Programs/MiKTeX 2.9/tex/latex/xifthen/xifthe
n.sty"
Package: xifthen 2015/11/05 v1.4.0 Extended ifthen features

("C:/Users/Max Braun/AppData/Local/Programs/MiKTeX 2.9/tex/latex/base/ifthen.st
y"
Package: ifthen 2014/09/29 v1.1c Standard LaTeX ifthen package (DPC)
)
("C:/Users/Max Braun/AppData/Local/Programs/MiKTeX 2.9/tex/latex/ifmtarg/ifmtar
g.sty"
Package: ifmtarg 2018/04/16 v1.2b check for an empty argument
))
("C:/Users/Max Braun/AppData/Local/Programs/MiKTeX 2.9/tex/latex/xkeyval/xkeyva
l.sty"
Package: xkeyval 2014/12/03 v2.7a package option processing (HA)

("C:/Users/Max Braun/AppData/Local/Programs/MiKTeX 2.9/tex/generic/xkeyval/xkey
val.tex"
("C:/Users/Max Braun/AppData/Local/Programs/MiKTeX 2.9/tex/generic/xkeyval/xkvu
tils.tex"
\XKV@toks=\toks15
\XKV@tempa@toks=\toks16
)
\XKV@depth=\count94
File: xkeyval.tex 2014/12/03 v2.7a key=value parser (HA)
))
("C:/Users/Max Braun/AppData/Local/Programs/MiKTeX 2.9/tex/latex/l3packages/xpa
rse/xparse.sty"
("C:/Users/Max Braun/AppData/Local/Programs/MiKTeX 2.9/tex/latex/l3kernel/expl3
.sty"
Package: expl3 2019-01-28 L3 programming layer (loader) 

("C:/Users/Max Braun/AppData/Local/Programs/MiKTeX 2.9/tex/latex/l3kernel/expl3
-code.tex"
Package: expl3 2019-01-28 L3 programming layer (code)
\ucharcat@table=\catcodetable5
\c_max_int=\count95
\l_tmpa_int=\count96
\l_tmpb_int=\count97
\g_tmpa_int=\count98
\g_tmpb_int=\count99
\g__kernel_prg_map_int=\count100
\c_log_iow=\count101
\l_iow_line_count_int=\count102
\l__iow_line_target_int=\count103
\l__iow_one_indent_int=\count104
\l__iow_indent_int=\count105
\c_zero_dim=\dimen105
\c_max_dim=\dimen106
\l_tmpa_dim=\dimen107
\l_tmpb_dim=\dimen108
\g_tmpa_dim=\dimen109
\g_tmpb_dim=\dimen110
\c_zero_skip=\skip61
\c_max_skip=\skip62
\l_tmpa_skip=\skip63
\l_tmpb_skip=\skip64
\g_tmpa_skip=\skip65
\g_tmpb_skip=\skip66
\c_zero_muskip=\muskip10
\c_max_muskip=\muskip11
\l_tmpa_muskip=\muskip12
\l_tmpb_muskip=\muskip13
\g_tmpa_muskip=\muskip14
\g_tmpb_muskip=\muskip15
\l_keys_choice_int=\count106
\l__intarray_loop_int=\count107
\c__intarray_sp_dim=\dimen111
\g__intarray_font_int=\count108
\c__fp_leading_shift_int=\count109
\c__fp_middle_shift_int=\count110
\c__fp_trailing_shift_int=\count111
\c__fp_big_leading_shift_int=\count112
\c__fp_big_middle_shift_int=\count113
\c__fp_big_trailing_shift_int=\count114
\c__fp_Bigg_leading_shift_int=\count115
\c__fp_Bigg_middle_shift_int=\count116
\c__fp_Bigg_trailing_shift_int=\count117
\g__fp_array_int=\count118
\l__fp_array_loop_int=\count119
\l__sort_length_int=\count120
\l__sort_min_int=\count121
\l__sort_top_int=\count122
\l__sort_max_int=\count123
\l__sort_true_max_int=\count124
\l__sort_block_int=\count125
\l__sort_begin_int=\count126
\l__sort_end_int=\count127
\l__sort_A_int=\count128
\l__sort_B_int=\count129
\l__sort_C_int=\count130
\l__tl_analysis_normal_int=\count131
\l__tl_analysis_index_int=\count132
\l__tl_analysis_nesting_int=\count133
\l__tl_analysis_type_int=\count134
\l__regex_internal_a_int=\count135
\l__regex_internal_b_int=\count136
\l__regex_internal_c_int=\count137
\l__regex_balance_int=\count138
\l__regex_group_level_int=\count139
\l__regex_mode_int=\count140
\c__regex_cs_in_class_mode_int=\count141
\c__regex_cs_mode_int=\count142
\l__regex_catcodes_int=\count143
\l__regex_default_catcodes_int=\count144
\c__regex_catcode_L_int=\count145
\c__regex_catcode_O_int=\count146
\c__regex_catcode_A_int=\count147
\c__regex_all_catcodes_int=\count148
\l__regex_show_lines_int=\count149
\l__regex_min_state_int=\count150
\l__regex_max_state_int=\count151
\l__regex_left_state_int=\count152
\l__regex_right_state_int=\count153
\l__regex_capturing_group_int=\count154
\l__regex_min_pos_int=\count155
\l__regex_max_pos_int=\count156
\l__regex_curr_pos_int=\count157
\l__regex_start_pos_int=\count158
\l__regex_success_pos_int=\count159
\l__regex_curr_char_int=\count160
\l__regex_curr_catcode_int=\count161
\l__regex_last_char_int=\count162
\l__regex_case_changed_char_int=\count163
\l__regex_curr_state_int=\count164
\l__regex_step_int=\count165
\l__regex_min_active_int=\count166
\l__regex_max_active_int=\count167
\l__regex_replacement_csnames_int=\count168
\l__regex_match_count_int=\count169
\l__regex_min_submatch_int=\count170
\l__regex_submatch_int=\count171
\l__regex_zeroth_submatch_int=\count172
\g__regex_trace_regex_int=\count173
\c_empty_box=\box29
\l_tmpa_box=\box30
\l_tmpb_box=\box31
\g_tmpa_box=\box32
\g_tmpb_box=\box33
\l__box_top_dim=\dimen112
\l__box_bottom_dim=\dimen113
\l__box_left_dim=\dimen114
\l__box_right_dim=\dimen115
\l__box_top_new_dim=\dimen116
\l__box_bottom_new_dim=\dimen117
\l__box_left_new_dim=\dimen118
\l__box_right_new_dim=\dimen119
\l__box_internal_box=\box34
\l__coffin_internal_box=\box35
\l__coffin_internal_dim=\dimen120
\l__coffin_offset_x_dim=\dimen121
\l__coffin_offset_y_dim=\dimen122
\l__coffin_x_dim=\dimen123
\l__coffin_y_dim=\dimen124
\l__coffin_x_prime_dim=\dimen125
\l__coffin_y_prime_dim=\dimen126
\c_empty_coffin=\box36
\l__coffin_aligned_coffin=\box37
\l__coffin_aligned_internal_coffin=\box38
\l_tmpa_coffin=\box39
\l_tmpb_coffin=\box40
\g_tmpa_coffin=\box41
\g_tmpb_coffin=\box42
\c__coffin_empty_coffin=\box43
\l__coffin_display_coffin=\box44
\l__coffin_display_coord_coffin=\box45
\l__coffin_display_pole_coffin=\box46
\l__coffin_display_offset_dim=\dimen127
\l__coffin_display_x_dim=\dimen128
\l__coffin_display_y_dim=\dimen129
\g__file_internal_ior=\read1
\l__coffin_bounding_shift_dim=\dimen130
\l__coffin_left_corner_dim=\dimen131
\l__coffin_right_corner_dim=\dimen132
\l__coffin_bottom_corner_dim=\dimen133
\l__coffin_top_corner_dim=\dimen134
\l__coffin_scaled_total_height_dim=\dimen135
\l__coffin_scaled_width_dim=\dimen136
\l__seq_internal_a_int=\count174
\l__seq_internal_b_int=\count175
)
("C:/Users/Max Braun/AppData/Local/Programs/MiKTeX 2.9/tex/latex/l3kernel/l3pdf
mode.def"
File: l3pdfmode.def 2019-01-28 v L3 Experimental driver: PDF mode
\l__driver_color_stack_int=\count176
))
Package: xparse 2018-10-17 L3 Experimental document command parser
\l__xparse_current_arg_int=\count177
\g__xparse_grabber_int=\count178
\l__xparse_m_args_int=\count179
\l__xparse_mandatory_args_int=\count180
\l__xparse_v_nesting_int=\count181
)
("C:/Users/Max Braun/AppData/Local/Programs/MiKTeX 2.9/tex/latex/xstring/xstrin
g.sty"
("C:/Users/Max Braun/AppData/Local/Programs/MiKTeX 2.9/tex/generic/xstring/xstr
ing.tex"
\integerpart=\count182
\decimalpart=\count183
)
Package: xstring 2019/02/06 v1.83 String manipulations (CT)
)
("C:/Users/Max Braun/AppData/Local/Programs/MiKTeX 2.9/tex/latex/ms/ragged2e.st
y"
Package: ragged2e 2009/05/21 v2.1 ragged2e Package (MS)

("C:/Users/Max Braun/AppData/Local/Programs/MiKTeX 2.9/tex/latex/ms/everysel.st
y"
Package: everysel 2011/10/28 v1.2 EverySelectfont Package (MS)
)
\CenteringLeftskip=\skip67
\RaggedLeftLeftskip=\skip68
\RaggedRightLeftskip=\skip69
\CenteringRightskip=\skip70
\RaggedLeftRightskip=\skip71
\RaggedRightRightskip=\skip72
\CenteringParfillskip=\skip73
\RaggedLeftParfillskip=\skip74
\RaggedRightParfillskip=\skip75
\JustifyingParfillskip=\skip76
\CenteringParindent=\skip77
\RaggedLeftParindent=\skip78
\RaggedRightParindent=\skip79
\JustifyingParindent=\skip80
)
("C:/Users/Max Braun/AppData/Local/Programs/MiKTeX 2.9/tex/latex/setspace/setsp
ace.sty"
Package: setspace 2011/12/19 v6.7a set line spacing
)
("C:/Users/Max Braun/AppData/Local/Programs/MiKTeX 2.9/tex/latex/hyphenat/hyphe
nat.sty"
Package: hyphenat 2009/09/02 v2.3c hyphenation utilities
\langwohyphens=\language2
LaTeX Info: Redefining \_ on input line 43.
)
("C:/Users/Max Braun/AppData/Local/Programs/MiKTeX 2.9/tex/latex/microtype/micr
otype.sty"
Package: microtype 2018/01/14 v2.7a Micro-typographical refinements (RS)
\MT@toks=\toks17
\MT@count=\count184
LaTeX Info: Redefining \textls on input line 793.
\MT@outer@kern=\dimen137
LaTeX Info: Redefining \textmicrotypecontext on input line 1339.
\MT@listname@count=\count185

("C:/Users/Max Braun/AppData/Local/Programs/MiKTeX 2.9/tex/latex/microtype/micr
otype-luatex.def"
File: microtype-luatex.def 2018/01/14 v2.7a Definitions specific to luatex (RS)
Lua module: microtype 2018/01/14 2.7a microtype module.
LaTeX Info: Redefining \lsstyle on input line 679.
LaTeX Info: Redefining \lslig on input line 679.
\MT@outer@space=\skip81
)
Package microtype Info: Loading configuration file microtype.cfg.

("C:/Users/Max Braun/AppData/Local/Programs/MiKTeX 2.9/tex/latex/microtype/micr
otype.cfg"
File: microtype.cfg 2018/01/14 v2.7a microtype main configuration file (RS)
))
("C:/Users/Max Braun/AppData/Local/Programs/MiKTeX 2.9/tex/latex/needspace/need
space.sty"
Package: needspace 2010/09/12 v1.3d reserve vertical space
)
("C:/Users/Max Braun/AppData/Local/Programs/MiKTeX 2.9/tex/latex/tools/xspace.s
ty"
Package: xspace 2014/10/28 v1.13 Space after command names (DPC,MH)
)
("C:/Users/Max Braun/AppData/Local/Programs/MiKTeX 2.9/tex/latex/xcolor/xcolor.
sty"
Package: xcolor 2016/05/11 v2.12 LaTeX color extensions (UK)

("C:/Users/Max Braun/AppData/Local/Programs/MiKTeX 2.9/tex/latex/graphics-cfg/c
olor.cfg"
File: color.cfg 2016/01/02 v1.6 sample color configuration
)
Package xcolor Info: Package option `usenames' ignored on input line 216.
Package xcolor Info: Driver file: luatex.def on input line 225.

("C:/Users/Max Braun/AppData/Local/Programs/MiKTeX 2.9/tex/latex/graphics-def/l
uatex.def"
File: luatex.def 2018/01/08 v1.0l Graphics/color driver for luatex
)
Package xcolor Info: Model `cmy' substituted by `cmy0' on input line 1348.
Package xcolor Info: Model `hsb' substituted by `rgb' on input line 1352.
Package xcolor Info: Model `RGB' extended on input line 1364.
Package xcolor Info: Model `HTML' substituted by `rgb' on input line 1366.
Package xcolor Info: Model `Hsb' substituted by `hsb' on input line 1367.
Package xcolor Info: Model `tHsb' substituted by `hsb' on input line 1368.
Package xcolor Info: Model `HSB' substituted by `hsb' on input line 1369.
Package xcolor Info: Model `Gray' substituted by `gray' on input line 1370.
Package xcolor Info: Model `wave' substituted by `hsb' on input line 1371.

("C:/Users/Max Braun/AppData/Local/Programs/MiKTeX 2.9/tex/latex/graphics/dvips
nam.def"
File: dvipsnam.def 2016/06/17 v3.0m Driver-dependent file (DPC,SPQR)
))
("C:/Users/Max Braun/AppData/Local/Programs/MiKTeX 2.9/tex/latex/placeins/place
ins.sty"
Package: placeins 2005/04/18  v 2.2
)
("C:/Users/Max Braun/AppData/Local/Programs/MiKTeX 2.9/tex/latex/footmisc/footm
isc.sty"
Package: footmisc 2011/06/06 v5.5b a miscellany of footnote facilities
\FN@temptoken=\toks18
\footnotemargin=\dimen138
\c@pp@next@reset=\count186
\c@@fnserial=\count187
Package footmisc Info: Declaring symbol style bringhurst on input line 855.
Package footmisc Info: Declaring symbol style chicago on input line 863.
Package footmisc Info: Declaring symbol style wiley on input line 872.
Package footmisc Info: Declaring symbol style lamport-robust on input line 883.
Package footmisc Info: Declaring symbol style lamport* on input line 903.
Package footmisc Info: Declaring symbol style lamport*-robust on input line 924.

)
("C:/Users/Max Braun/AppData/Local/Programs/MiKTeX 2.9/tex/latex/footnotebackre
f/footnotebackref.sty"
Package: footnotebackref 2012/07/01 v1.0 Backreferences for footnotes (Holger La
nge)

("C:/Users/Max Braun/AppData/Local/Programs/MiKTeX 2.9/tex/latex/oberdiek/letlt
xmacro.sty"
Package: letltxmacro 2016/05/16 v1.5 Let assignment for LaTeX macros (HO)
)
("C:/Users/Max Braun/AppData/Local/Programs/MiKTeX 2.9/tex/latex/hyperref/hyper
ref.sty"
Package: hyperref 2018/11/30 v6.88e Hypertext links for LaTeX

("C:/Users/Max Braun/AppData/Local/Programs/MiKTeX 2.9/tex/generic/oberdiek/hob
sub-hyperref.sty"
Package: hobsub-hyperref 2016/05/16 v1.14 Bundle oberdiek, subset hyperref (HO)

("C:/Users/Max Braun/AppData/Local/Programs/MiKTeX 2.9/tex/generic/oberdiek/hob
sub-generic.sty"
Package: hobsub-generic 2016/05/16 v1.14 Bundle oberdiek, subset generic (HO)
Package: hobsub 2016/05/16 v1.14 Construct package bundles (HO)
Package: infwarerr 2016/05/16 v1.4 Providing info/warning/error messages (HO)
Package: ltxcmds 2016/05/16 v1.23 LaTeX kernel commands for general use (HO)
Package: ifluatex 2016/05/16 v1.4 Provides the ifluatex switch (HO)
Package ifluatex Info: LuaTeX detected.
Package: ifvtex 2016/05/16 v1.6 Detect VTeX and its facilities (HO)
Package ifvtex Info: VTeX not detected.
Package: intcalc 2016/05/16 v1.2 Expandable calculations with integers (HO)
Package: ifpdf 2018/09/07 v3.3 Provides the ifpdf switch
Package: etexcmds 2016/05/16 v1.6 Avoid name clashes with e-TeX commands (HO)
Package: kvsetkeys 2016/05/16 v1.17 Key value parser (HO)
Package: kvdefinekeys 2016/05/16 v1.4 Define keys (HO)
Package: luatex-loader 2016/05/16 v0.6 Lua module loader (HO)

(C:/Users/Max Braun/AppData/Local/Programs/MiKTeX 2.9/scripts/oberdiek/oberdiek.
luatex.lua)
Package: pdftexcmds 2018/09/10 v0.29 Utility functions of pdfTeX for LuaTeX (HO)

Package pdftexcmds Info: \pdf@primitive is available.
Package pdftexcmds Info: \pdf@ifprimitive is available.
Package pdftexcmds Info: \pdfdraftmode found.
\pdftexcmds@toks=\toks19
Package: pdfescape 2016/05/16 v1.14 Implements pdfTeX's escape features (HO)
Package: bigintcalc 2016/05/16 v1.4 Expandable calculations on big integers (HO)

Package: bitset 2016/05/16 v1.2 Handle bit-vector datatype (HO)
Package: uniquecounter 2016/05/16 v1.3 Provide unlimited unique counter (HO)
)
Package hobsub Info: Skipping package `hobsub' (already loaded).
Package hobsub Info: Skipping package `letltxmacro' (already loaded).
Package: hopatch 2016/05/16 v1.3 Wrapper for package hooks (HO)
Package: xcolor-patch 2016/05/16 xcolor patch
Package: atveryend 2016/05/16 v1.9 Hooks at the very end of document (HO)
Package: atbegshi 2016/06/09 v1.18 At begin shipout hook (HO)
Package: refcount 2016/05/16 v3.5 Data extraction from label references (HO)
Package: hycolor 2016/05/16 v1.8 Color options for hyperref/bookmark (HO)
)
("C:/Users/Max Braun/AppData/Local/Programs/MiKTeX 2.9/tex/generic/ifxetex/ifxe
tex.sty"
Package: ifxetex 2010/09/12 v0.6 Provides ifxetex conditional
)
("C:/Users/Max Braun/AppData/Local/Programs/MiKTeX 2.9/tex/latex/oberdiek/auxho
ok.sty"
Package: auxhook 2016/05/16 v1.4 Hooks for auxiliary files (HO)
)
("C:/Users/Max Braun/AppData/Local/Programs/MiKTeX 2.9/tex/latex/oberdiek/kvopt
ions.sty"
Package: kvoptions 2016/05/16 v3.12 Key value format for package options (HO)
)
\@linkdim=\dimen139
\Hy@linkcounter=\count188
\Hy@pagecounter=\count189

("C:/Users/Max Braun/AppData/Local/Programs/MiKTeX 2.9/tex/latex/hyperref/pd1en
c.def"
File: pd1enc.def 2018/11/30 v6.88e Hyperref: PDFDocEncoding definition (HO)
)
\Hy@SavedSpaceFactor=\count190

("C:/Users/Max Braun/AppData/Local/Programs/MiKTeX 2.9/tex/latex/00miktex/hyper
ref.cfg"
File: hyperref.cfg 2002/06/06 v1.2 hyperref configuration of TeXLive
)
Package hyperref Info: Hyper figures OFF on input line 4519.
Package hyperref Info: Link nesting OFF on input line 4524.
Package hyperref Info: Hyper index ON on input line 4527.
Package hyperref Info: Plain pages OFF on input line 4534.
Package hyperref Info: Backreferencing OFF on input line 4539.
Package hyperref Info: Implicit mode ON; LaTeX internals redefined.
Package hyperref Info: Bookmarks ON on input line 4772.
\c@Hy@tempcnt=\count191

("C:/Users/Max Braun/AppData/Local/Programs/MiKTeX 2.9/tex/latex/url/url.sty"
\Urlmuskip=\muskip16
Package: url 2013/09/16  ver 3.4  Verb mode for urls, etc.
)
LaTeX Info: Redefining \url on input line 5125.
\XeTeXLinkMargin=\dimen140
\Fld@menulength=\count192
\Field@Width=\dimen141
\Fld@charsize=\dimen142
Package hyperref Info: Hyper figures OFF on input line 6380.
Package hyperref Info: Link nesting OFF on input line 6385.
Package hyperref Info: Hyper index ON on input line 6388.
Package hyperref Info: backreferencing OFF on input line 6395.
Package hyperref Info: Link coloring OFF on input line 6400.
Package hyperref Info: Link coloring with OCG OFF on input line 6405.
Package hyperref Info: PDF/A mode OFF on input line 6410.
LaTeX Info: Redefining \ref on input line 6450.
LaTeX Info: Redefining \pageref on input line 6454.
\Hy@abspage=\count193
\c@Item=\count194
\c@Hfootnote=\count195
)
Package hyperref Info: Driver (autodetected): hluatex.

("C:/Users/Max Braun/AppData/Local/Programs/MiKTeX 2.9/tex/latex/hyperref/hluat
ex.def"
File: hluatex.def 2018/11/30 v6.88e Hyperref driver for luaTeX
\Fld@listcount=\count196
\c@bookmark@seq@number=\count197

("C:/Users/Max Braun/AppData/Local/Programs/MiKTeX 2.9/tex/latex/oberdiek/rerun
filecheck.sty"
Package: rerunfilecheck 2016/05/16 v1.8 Rerun checks for auxiliary files (HO)
Package uniquecounter Info: New unique counter `rerunfilecheck' on input line 28
2.
)
\Hy@SectionHShift=\skip82
)
\c@BackrefHyperFootnoteCounter=\count198
)
("C:/Users/Max Braun/AppData/Local/Programs/MiKTeX 2.9/tex/latex/marginnote/mar
ginnote.sty"
Package: marginnote 2018/08/09 v1.4b non floating margin notes for LaTeX
\c@mn@abspage=\count199
)
("C:/Users/Max Braun/AppData/Local/Programs/MiKTeX 2.9/tex/latex/marginfix/marg
infix.sty"
Package: marginfix 2013/09/08 v1.1 Fix Margin Paragraphs
\Mfx@inject@insert=\insert252
\Mfx@marginbox=\box47
\Mfx@marginpos@min=\dimen143
\Mfx@marginpos@max=\dimen144
\Mfx@marginspace=\dimen145
\Mfx@marginheight=\dimen146
\Mfx@piece@content=\box48
\Mfx@piece@count=\count266
\Mfx@mparshift=\dimen147
\marginheightadjustment=\dimen148
\marginposadjustment=\dimen149
\Mfx@strutheight=\dimen150
)
("C:/Users/Max Braun/AppData/Local/Programs/MiKTeX 2.9/tex/latex/snotez/snotez.
sty"
Package: snotez 2013/04/21 v0.3 sidenote support for LaTeX 2e (CN)

("C:/Users/Max Braun/AppData/Local/Programs/MiKTeX 2.9/tex/latex/pgfopts/pgfopt
s.sty"
Package: pgfopts 2014/07/10 v2.1a LaTeX package options with pgfkeys

("C:/Users/Max Braun/AppData/Local/Programs/MiKTeX 2.9/tex/latex/pgf/utilities/
pgfkeys.sty"
("C:/Users/Max Braun/AppData/Local/Programs/MiKTeX 2.9/tex/generic/pgf/utilitie
s/pgfkeys.code.tex"
\pgfkeys@pathtoks=\toks20
\pgfkeys@temptoks=\toks21

("C:/Users/Max Braun/AppData/Local/Programs/MiKTeX 2.9/tex/generic/pgf/utilitie
s/pgfkeysfiltered.code.tex"
\pgfkeys@tmptoks=\toks22
)))
\pgfopts@list@add@a@toks=\toks23
\pgfopts@list@add@b@toks=\toks24
)
\c@sidenote=\count267
)
("C:/Users/Max Braun/AppData/Local/Programs/MiKTeX 2.9/tex/latex/graphics/graph
icx.sty"
Package: graphicx 2017/06/01 v1.1a Enhanced LaTeX Graphics (DPC,SPQR)

("C:/Users/Max Braun/AppData/Local/Programs/MiKTeX 2.9/tex/latex/graphics/graph
ics.sty"
Package: graphics 2017/06/25 v1.2c Standard LaTeX Graphics (DPC,SPQR)

("C:/Users/Max Braun/AppData/Local/Programs/MiKTeX 2.9/tex/latex/graphics/trig.
sty"
Package: trig 2016/01/03 v1.10 sin cos tan (DPC)
)
("C:/Users/Max Braun/AppData/Local/Programs/MiKTeX 2.9/tex/latex/graphics-cfg/g
raphics.cfg"
File: graphics.cfg 2016/06/04 v1.11 sample graphics configuration
)
Package graphics Info: Driver file: luatex.def on input line 99.
)
\Gin@req@height=\dimen151
\Gin@req@width=\dimen152
)
("C:/Users/Max Braun/AppData/Local/Programs/MiKTeX 2.9/tex/latex/pgf/frontendla
yer/tikz.sty"
("C:/Users/Max Braun/AppData/Local/Programs/MiKTeX 2.9/tex/latex/pgf/basiclayer
/pgf.sty"
("C:/Users/Max Braun/AppData/Local/Programs/MiKTeX 2.9/tex/latex/pgf/utilities/
pgfrcs.sty"
("C:/Users/Max Braun/AppData/Local/Programs/MiKTeX 2.9/tex/generic/pgf/utilitie
s/pgfutil-common.tex"
\pgfutil@everybye=\toks25
\pgfutil@tempdima=\dimen153
\pgfutil@tempdimb=\dimen154

("C:/Users/Max Braun/AppData/Local/Programs/MiKTeX 2.9/tex/generic/pgf/utilitie
s/pgfutil-common-lists.tex"))
("C:/Users/Max Braun/AppData/Local/Programs/MiKTeX 2.9/tex/generic/pgf/utilitie
s/pgfutil-latex.def"
\pgfutil@abb=\box49

("C:/Users/Max Braun/AppData/Local/Programs/MiKTeX 2.9/tex/latex/ms/everyshi.st
y"
Package: everyshi 2001/05/15 v3.00 EveryShipout Package (MS)
))
("C:/Users/Max Braun/AppData/Local/Programs/MiKTeX 2.9/tex/generic/pgf/utilitie
s/pgfrcs.code.tex"
("C:/Users/Max Braun/AppData/Local/Programs/MiKTeX 2.9/tex/generic/pgf/pgf.revi
sion.tex")
Package: pgfrcs 2019/04/04 v3.1.2 (3.1.2)
))
Package: pgf 2019/04/04 v3.1.2 (3.1.2)

("C:/Users/Max Braun/AppData/Local/Programs/MiKTeX 2.9/tex/latex/pgf/basiclayer
/pgfcore.sty"
("C:/Users/Max Braun/AppData/Local/Programs/MiKTeX 2.9/tex/latex/pgf/systemlaye
r/pgfsys.sty"
("C:/Users/Max Braun/AppData/Local/Programs/MiKTeX 2.9/tex/generic/pgf/systemla
yer/pgfsys.code.tex"
Package: pgfsys 2019/04/04 v3.1.2 (3.1.2)

("C:/Users/Max Braun/AppData/Local/Programs/MiKTeX 2.9/tex/generic/pgf/utilitie
s/pgfkeys.code.tex")
\pgf@x=\dimen155
\pgf@y=\dimen156
\pgf@xa=\dimen157
\pgf@ya=\dimen158
\pgf@xb=\dimen159
\pgf@yb=\dimen160
\pgf@xc=\dimen161
\pgf@yc=\dimen162
\w@pgf@writea=\write3
\r@pgf@reada=\read2
\c@pgf@counta=\count268
\c@pgf@countb=\count269
\c@pgf@countc=\count270
\c@pgf@countd=\count271
\t@pgf@toka=\toks26
\t@pgf@tokb=\toks27
\t@pgf@tokc=\toks28
\pgf@sys@id@count=\count272

("C:/Users/Max Braun/AppData/Local/Programs/MiKTeX 2.9/tex/generic/pgf/systemla
yer/pgf.cfg"
File: pgf.cfg 2019/04/04 v3.1.2 (3.1.2)
)
Driver file for pgf: pgfsys-luatex.def

("C:/Users/Max Braun/AppData/Local/Programs/MiKTeX 2.9/tex/generic/pgf/systemla
yer/pgfsys-luatex.def"
File: pgfsys-luatex.def 2019/04/04 v3.1.2 (3.1.2)

("C:/Users/Max Braun/AppData/Local/Programs/MiKTeX 2.9/tex/generic/pgf/systemla
yer/pgfsys-common-pdf.def"
File: pgfsys-common-pdf.def 2019/04/04 v3.1.2 (3.1.2)
)))
("C:/Users/Max Braun/AppData/Local/Programs/MiKTeX 2.9/tex/generic/pgf/systemla
yer/pgfsyssoftpath.code.tex"
File: pgfsyssoftpath.code.tex 2019/04/04 v3.1.2 (3.1.2)
\pgfsyssoftpath@smallbuffer@items=\count273
\pgfsyssoftpath@bigbuffer@items=\count274
)
("C:/Users/Max Braun/AppData/Local/Programs/MiKTeX 2.9/tex/generic/pgf/systemla
yer/pgfsysprotocol.code.tex"
File: pgfsysprotocol.code.tex 2019/04/04 v3.1.2 (3.1.2)
))
("C:/Users/Max Braun/AppData/Local/Programs/MiKTeX 2.9/tex/generic/pgf/basiclay
er/pgfcore.code.tex"
Package: pgfcore 2019/04/04 v3.1.2 (3.1.2)

("C:/Users/Max Braun/AppData/Local/Programs/MiKTeX 2.9/tex/generic/pgf/math/pgf
math.code.tex"
("C:/Users/Max Braun/AppData/Local/Programs/MiKTeX 2.9/tex/generic/pgf/math/pgf
mathcalc.code.tex"
("C:/Users/Max Braun/AppData/Local/Programs/MiKTeX 2.9/tex/generic/pgf/math/pgf
mathutil.code.tex")
("C:/Users/Max Braun/AppData/Local/Programs/MiKTeX 2.9/tex/generic/pgf/math/pgf
mathparser.code.tex"
\pgfmath@dimen=\dimen163
\pgfmath@count=\count275
\pgfmath@box=\box50
\pgfmath@toks=\toks29
\pgfmath@stack@operand=\toks30
\pgfmath@stack@operation=\toks31
)
("C:/Users/Max Braun/AppData/Local/Programs/MiKTeX 2.9/tex/generic/pgf/math/pgf
mathfunctions.code.tex"
("C:/Users/Max Braun/AppData/Local/Programs/MiKTeX 2.9/tex/generic/pgf/math/pgf
mathfunctions.basic.code.tex")
("C:/Users/Max Braun/AppData/Local/Programs/MiKTeX 2.9/tex/generic/pgf/math/pgf
mathfunctions.trigonometric.code.tex")
("C:/Users/Max Braun/AppData/Local/Programs/MiKTeX 2.9/tex/generic/pgf/math/pgf
mathfunctions.random.code.tex")
("C:/Users/Max Braun/AppData/Local/Programs/MiKTeX 2.9/tex/generic/pgf/math/pgf
mathfunctions.comparison.code.tex")
("C:/Users/Max Braun/AppData/Local/Programs/MiKTeX 2.9/tex/generic/pgf/math/pgf
mathfunctions.base.code.tex")
("C:/Users/Max Braun/AppData/Local/Programs/MiKTeX 2.9/tex/generic/pgf/math/pgf
mathfunctions.round.code.tex")
("C:/Users/Max Braun/AppData/Local/Programs/MiKTeX 2.9/tex/generic/pgf/math/pgf
mathfunctions.misc.code.tex")
("C:/Users/Max Braun/AppData/Local/Programs/MiKTeX 2.9/tex/generic/pgf/math/pgf
mathfunctions.integerarithmetics.code.tex")))
("C:/Users/Max Braun/AppData/Local/Programs/MiKTeX 2.9/tex/generic/pgf/math/pgf
mathfloat.code.tex"
\c@pgfmathroundto@lastzeros=\count276
))
("C:/Users/Max Braun/AppData/Local/Programs/MiKTeX 2.9/tex/generic/pgf/basiclay
er/pgfcorepoints.code.tex"
File: pgfcorepoints.code.tex 2019/04/04 v3.1.2 (3.1.2)
\pgf@picminx=\dimen164
\pgf@picmaxx=\dimen165
\pgf@picminy=\dimen166
\pgf@picmaxy=\dimen167
\pgf@pathminx=\dimen168
\pgf@pathmaxx=\dimen169
\pgf@pathminy=\dimen170
\pgf@pathmaxy=\dimen171
\pgf@xx=\dimen172
\pgf@xy=\dimen173
\pgf@yx=\dimen174
\pgf@yy=\dimen175
\pgf@zx=\dimen176
\pgf@zy=\dimen177
)
("C:/Users/Max Braun/AppData/Local/Programs/MiKTeX 2.9/tex/generic/pgf/basiclay
er/pgfcorepathconstruct.code.tex"
File: pgfcorepathconstruct.code.tex 2019/04/04 v3.1.2 (3.1.2)
\pgf@path@lastx=\dimen178
\pgf@path@lasty=\dimen179
)
("C:/Users/Max Braun/AppData/Local/Programs/MiKTeX 2.9/tex/generic/pgf/basiclay
er/pgfcorepathusage.code.tex"
File: pgfcorepathusage.code.tex 2019/04/04 v3.1.2 (3.1.2)
\pgf@shorten@end@additional=\dimen180
\pgf@shorten@start@additional=\dimen181
)
("C:/Users/Max Braun/AppData/Local/Programs/MiKTeX 2.9/tex/generic/pgf/basiclay
er/pgfcorescopes.code.tex"
File: pgfcorescopes.code.tex 2019/04/04 v3.1.2 (3.1.2)
\pgfpic=\box51
\pgf@hbox=\box52
\pgf@layerbox@main=\box53
\pgf@picture@serial@count=\count277
)
("C:/Users/Max Braun/AppData/Local/Programs/MiKTeX 2.9/tex/generic/pgf/basiclay
er/pgfcoregraphicstate.code.tex"
File: pgfcoregraphicstate.code.tex 2019/04/04 v3.1.2 (3.1.2)
\pgflinewidth=\dimen182
)
("C:/Users/Max Braun/AppData/Local/Programs/MiKTeX 2.9/tex/generic/pgf/basiclay
er/pgfcoretransformations.code.tex"
File: pgfcoretransformations.code.tex 2019/04/04 v3.1.2 (3.1.2)
\pgf@pt@x=\dimen183
\pgf@pt@y=\dimen184
\pgf@pt@temp=\dimen185
)
("C:/Users/Max Braun/AppData/Local/Programs/MiKTeX 2.9/tex/generic/pgf/basiclay
er/pgfcorequick.code.tex"
File: pgfcorequick.code.tex 2019/04/04 v3.1.2 (3.1.2)
)
("C:/Users/Max Braun/AppData/Local/Programs/MiKTeX 2.9/tex/generic/pgf/basiclay
er/pgfcoreobjects.code.tex"
File: pgfcoreobjects.code.tex 2019/04/04 v3.1.2 (3.1.2)
)
("C:/Users/Max Braun/AppData/Local/Programs/MiKTeX 2.9/tex/generic/pgf/basiclay
er/pgfcorepathprocessing.code.tex"
File: pgfcorepathprocessing.code.tex 2019/04/04 v3.1.2 (3.1.2)
)
("C:/Users/Max Braun/AppData/Local/Programs/MiKTeX 2.9/tex/generic/pgf/basiclay
er/pgfcorearrows.code.tex"
File: pgfcorearrows.code.tex 2019/04/04 v3.1.2 (3.1.2)
\pgfarrowsep=\dimen186
)
("C:/Users/Max Braun/AppData/Local/Programs/MiKTeX 2.9/tex/generic/pgf/basiclay
er/pgfcoreshade.code.tex"
File: pgfcoreshade.code.tex 2019/04/04 v3.1.2 (3.1.2)
\pgf@max=\dimen187
\pgf@sys@shading@range@num=\count278
\pgf@shadingcount=\count279
)
("C:/Users/Max Braun/AppData/Local/Programs/MiKTeX 2.9/tex/generic/pgf/basiclay
er/pgfcoreimage.code.tex"
File: pgfcoreimage.code.tex 2019/04/04 v3.1.2 (3.1.2)

("C:/Users/Max Braun/AppData/Local/Programs/MiKTeX 2.9/tex/generic/pgf/basiclay
er/pgfcoreexternal.code.tex"
File: pgfcoreexternal.code.tex 2019/04/04 v3.1.2 (3.1.2)
\pgfexternal@startupbox=\box54
))
("C:/Users/Max Braun/AppData/Local/Programs/MiKTeX 2.9/tex/generic/pgf/basiclay
er/pgfcorelayers.code.tex"
File: pgfcorelayers.code.tex 2019/04/04 v3.1.2 (3.1.2)
)
("C:/Users/Max Braun/AppData/Local/Programs/MiKTeX 2.9/tex/generic/pgf/basiclay
er/pgfcoretransparency.code.tex"
File: pgfcoretransparency.code.tex 2019/04/04 v3.1.2 (3.1.2)
)
("C:/Users/Max Braun/AppData/Local/Programs/MiKTeX 2.9/tex/generic/pgf/basiclay
er/pgfcorepatterns.code.tex"
File: pgfcorepatterns.code.tex 2019/04/04 v3.1.2 (3.1.2)
)
("C:/Users/Max Braun/AppData/Local/Programs/MiKTeX 2.9/tex/generic/pgf/basiclay
er/pgfcorerdf.code.tex"
File: pgfcorerdf.code.tex 2019/04/04 v3.1.2 (3.1.2)
)))
("C:/Users/Max Braun/AppData/Local/Programs/MiKTeX 2.9/tex/generic/pgf/modules/
pgfmoduleshapes.code.tex"
File: pgfmoduleshapes.code.tex 2019/04/04 v3.1.2 (3.1.2)
\pgfnodeparttextbox=\box55
)
("C:/Users/Max Braun/AppData/Local/Programs/MiKTeX 2.9/tex/generic/pgf/modules/
pgfmoduleplot.code.tex"
File: pgfmoduleplot.code.tex 2019/04/04 v3.1.2 (3.1.2)
)
("C:/Users/Max Braun/AppData/Local/Programs/MiKTeX 2.9/tex/latex/pgf/compatibil
ity/pgfcomp-version-0-65.sty"
Package: pgfcomp-version-0-65 2019/04/04 v3.1.2 (3.1.2)
\pgf@nodesepstart=\dimen188
\pgf@nodesepend=\dimen189
)
("C:/Users/Max Braun/AppData/Local/Programs/MiKTeX 2.9/tex/latex/pgf/compatibil
ity/pgfcomp-version-1-18.sty"
Package: pgfcomp-version-1-18 2019/04/04 v3.1.2 (3.1.2)
))
("C:/Users/Max Braun/AppData/Local/Programs/MiKTeX 2.9/tex/latex/pgf/utilities/
pgffor.sty"
("C:/Users/Max Braun/AppData/Local/Programs/MiKTeX 2.9/tex/latex/pgf/math/pgfma
th.sty"
("C:/Users/Max Braun/AppData/Local/Programs/MiKTeX 2.9/tex/generic/pgf/math/pgf
math.code.tex"))
("C:/Users/Max Braun/AppData/Local/Programs/MiKTeX 2.9/tex/generic/pgf/utilitie
s/pgffor.code.tex"
Package: pgffor 2019/04/04 v3.1.2 (3.1.2)

("C:/Users/Max Braun/AppData/Local/Programs/MiKTeX 2.9/tex/generic/pgf/math/pgf
math.code.tex")
\pgffor@iter=\dimen190
\pgffor@skip=\dimen191
\pgffor@stack=\toks32
\pgffor@toks=\toks33
))
("C:/Users/Max Braun/AppData/Local/Programs/MiKTeX 2.9/tex/generic/pgf/frontend
layer/tikz/tikz.code.tex"
Package: tikz 2019/04/04 v3.1.2 (3.1.2)

("C:/Users/Max Braun/AppData/Local/Programs/MiKTeX 2.9/tex/generic/pgf/librarie
s/pgflibraryplothandlers.code.tex"
File: pgflibraryplothandlers.code.tex 2019/04/04 v3.1.2 (3.1.2)
\pgf@plot@mark@count=\count280
\pgfplotmarksize=\dimen192
)
\tikz@lastx=\dimen193
\tikz@lasty=\dimen194
\tikz@lastxsaved=\dimen195
\tikz@lastysaved=\dimen196
\tikzleveldistance=\dimen197
\tikzsiblingdistance=\dimen198
\tikz@figbox=\box56
\tikz@figbox@bg=\box57
\tikz@tempbox=\box58
\tikz@tempbox@bg=\box59
\tikztreelevel=\count281
\tikznumberofchildren=\count282
\tikznumberofcurrentchild=\count283
\tikz@fig@count=\count284

("C:/Users/Max Braun/AppData/Local/Programs/MiKTeX 2.9/tex/generic/pgf/modules/
pgfmodulematrix.code.tex"
File: pgfmodulematrix.code.tex 2019/04/04 v3.1.2 (3.1.2)
\pgfmatrixcurrentrow=\count285
\pgfmatrixcurrentcolumn=\count286
\pgf@matrix@numberofcolumns=\count287
)
\tikz@expandcount=\count288

("C:/Users/Max Braun/AppData/Local/Programs/MiKTeX 2.9/tex/generic/pgf/frontend
layer/tikz/libraries/tikzlibrarytopaths.code.tex"
File: tikzlibrarytopaths.code.tex 2019/04/04 v3.1.2 (3.1.2)
)))
("C:/Users/Max Braun/AppData/Local/Programs/MiKTeX 2.9/tex/latex/booktabs/bookt
abs.sty"
Package: booktabs 2005/04/14 v1.61803 publication quality tables
\heavyrulewidth=\dimen199
\lightrulewidth=\dimen256
\cmidrulewidth=\dimen257
\belowrulesep=\dimen258
\belowbottomsep=\dimen259
\aboverulesep=\dimen260
\abovetopsep=\dimen261
\cmidrulesep=\dimen262
\cmidrulekern=\dimen263
\defaultaddspace=\dimen264
\@cmidla=\count289
\@cmidlb=\count290
\@aboverulesep=\dimen265
\@belowrulesep=\dimen266
\@thisruleclass=\count291
\@lastruleclass=\count292
\@thisrulewidth=\dimen267
)
("C:/Users/Max Braun/AppData/Local/Programs/MiKTeX 2.9/tex/latex/multirow/multi
row.sty"
Package: multirow 2019/01/01 v2.4 Span multiple rows of a table
\multirow@colwidth=\skip83
\multirow@cntb=\count293
\multirow@dima=\skip84
\bigstrutjot=\dimen268
)
("C:/Users/Max Braun/AppData/Local/Programs/MiKTeX 2.9/tex/latex/tools/multicol
.sty"
Package: multicol 2018/12/27 v1.8v multicolumn formatting (FMi)
\c@tracingmulticols=\count294
\mult@box=\box60
\multicol@leftmargin=\dimen269
\c@unbalance=\count295
\c@collectmore=\count296
\doublecol@number=\count297
\multicoltolerance=\count298
\multicolpretolerance=\count299
\full@width=\dimen270
\page@free=\dimen271
\premulticols=\dimen272
\postmulticols=\dimen273
\multicolsep=\skip85
\multicolbaselineskip=\skip86
\partial@page=\box61
\last@line=\box62
\maxbalancingoverflow=\dimen274
\mult@rightbox=\box63
\mult@grightbox=\box64
\mult@gfirstbox=\box65
\mult@firstbox=\box66
\@tempa=\box67
\@tempa=\box68
\@tempa=\box69
\@tempa=\box70
\@tempa=\box71
\@tempa=\box72
\@tempa=\box73
\@tempa=\box74
\@tempa=\box75
\@tempa=\box76
\@tempa=\box77
\@tempa=\box78
\@tempa=\box79
\@tempa=\box80
\@tempa=\box81
\@tempa=\box82
\@tempa=\box83
\c@columnbadness=\count300
\c@finalcolumnbadness=\count301
\last@try=\dimen275
\multicolovershoot=\dimen276
\multicolundershoot=\dimen277
\mult@nat@firstbox=\box84
\colbreak@box=\box85
\mc@col@check@num=\count302
)
("C:/Users/Max Braun/AppData/Local/Programs/MiKTeX 2.9/tex/latex/caption/captio
n.sty"
Package: caption 2018/10/06 v3.3-154 Customizing captions (AR)

("C:/Users/Max Braun/AppData/Local/Programs/MiKTeX 2.9/tex/latex/caption/captio
n3.sty"
Package: caption3 2018/09/12 v1.8c caption3 kernel (AR)
Package caption3 Info: TeX engine: e-TeX on input line 64.
\captionmargin=\dimen278
\captionmargin@=\dimen279
\captionwidth=\dimen280
\caption@tempdima=\dimen281
\caption@indent=\dimen282
\caption@parindent=\dimen283
\caption@hangindent=\dimen284
)
Package caption Info: KOMA-Script document class.
\c@caption@flags=\count303
\c@ContinuedFloat=\count304
Package caption Info: hyperref package is loaded.
)
("C:/Users/Max Braun/AppData/Local/Programs/MiKTeX 2.9/tex/latex/bigfoot/perpag
e.sty"
Package: perpage 2014/10/25 2.0 Reset/sort counters per page
\c@abspage=\count305
)
("C:/Users/Max Braun/AppData/Local/Programs/MiKTeX 2.9/tex/latex/koma-script/sc
rhack.sty"
Package: scrhack 2019/02/01 v3.26b KOMA-Script package 

("C:/Users/Max Braun/AppData/Local/Programs/MiKTeX 2.9/tex/latex/xpatch/xpatch.
sty"
Package: xpatch 2012/10/02 v0.3 Extending etoolbox patching commands
)
Package scrhack Info: hyperref hack deactivated because of
(scrhack)             detection of hyperref version, that doesn't
(scrhack)             need that hack, on input line 160.
Package scrhack Info: loading setspace hack on input line 195.

("C:/Users/Max Braun/AppData/Local/Programs/MiKTeX 2.9/tex/latex/koma-script/se
tspace.hak"
File: setspace.hak 2019/02/01 v3.26b KOMA-Script package (hacking package setspa
ce)
))
("C:/Users/Max Braun/AppData/Local/Programs/MiKTeX 2.9/tex/latex/floatrow/float
row.sty"
Package: floatrow 2008/08/02 v0.3b floatrow: float package extension
\c@float@type=\count306
\float@exts=\toks34
\float@box=\box86
\@floatcapt=\box87
Package floatrow Info: Modified float package code loaded on input line 455.
Package floatrow Info: Modified rotfloat package code loaded on input line 473.
\FR@everyfloat=\toks35
\flrow@foot=\insert251
\FB@wd=\dimen285
\FBo@wd=\dimen286
\FBc@wd=\dimen287
\FBo@ht=\skip87
\FBc@ht=\skip88
\FBf@ht=\skip89
\FBo@max=\skip90
\FBc@max=\skip91
\FBf@max=\skip92
\c@FBl@b=\count307
\floatbox@depth=\count308
\c@FRobj=\count309
\c@FRsobj=\count310
\Xhsize=\skip93
\sXhsize=\skip94
\Zhsize=\skip95
\sZhsize=\skip96
\flrow@rowbox=\box88
\FR@Zunitlength=\dimen288
\c@FBcnt=\count311
\FPOScnt=\count312
\LTleft=\skip97
\LTright=\skip98
\LTleft=\skip99
\LTright=\skip100
\flrow@types=\toks36
)
Package scrhack Info: loading floatrow hack on input line 270.

("C:/Users/Max Braun/AppData/Local/Programs/MiKTeX 2.9/tex/latex/koma-script/fl
oatrow.hak"
File: floatrow.hak 2019/02/01 v3.26b KOMA-Script package (hacking package floatr
ow)
Package scrhack Info: redefining \DeclareNewFloatType on input line 150.
Package scrhack Info: redefining \listof on input line 150.
Package scrhack Info: undefining \float@addtolists on input line 150.
)
("C:/Users/Max Braun/AppData/Local/Programs/MiKTeX 2.9/tex/latex/dblfloatfix/db
lfloatfix.sty"
Package: dblfloatfix 2012/12/31 v1.0a (JAW)

("C:/Users/Max Braun/AppData/Local/Programs/MiKTeX 2.9/tex/latex/base/fixltx2e.
sty"
Package: fixltx2e 2016/12/29 v2.1a fixes to LaTeX (obsolete)
Applying: [2015/01/01] Old fixltx2e package on input line 46.


Package fixltx2e Warning: fixltx2e is not required with releases after 2015
(fixltx2e)                All fixes are now in the LaTeX kernel.
(fixltx2e)                See the latexrelease package for details.

Already applied: [0000/00/00] Old fixltx2e package on input line 53.
)
\@dblbotnum=\count313
\c@dblbotnumber=\count314
)
\@sidenotes@marginfigurebox=\box89
\@sidenotes@margintablebox=\box90

("C:/Users/Max Braun/AppData/Local/Programs/MiKTeX 2.9/tex/latex/etoc/etoc.sty"
Package: etoc 2019/03/09 v1.09 Completely customisable TOCs (JFB)
\Etoc@toctoks=\toks37
\c@etoc@tocid=\count315
\c@etoc@tocdepth=\count316
\etoc@framed@titlebox=\box91
\etoc@framed@contentsbox=\box92
)
\mtocshift=\skip101

("C:/Users/Max Braun/AppData/Local/Programs/MiKTeX 2.9/tex/latex/biblatex/bibla
tex.sty"
Package: biblatex 2018/11/02 v3.12 programmable bibliographies (PK/MW)

("C:/Users/Max Braun/AppData/Local/Programs/MiKTeX 2.9/tex/latex/logreq/logreq.
sty"
Package: logreq 2010/08/04 v1.0 xml request logger
\lrq@indent=\count317

("C:/Users/Max Braun/AppData/Local/Programs/MiKTeX 2.9/tex/latex/logreq/logreq.
def"
File: logreq.def 2010/08/04 v1.0 logreq spec v1.0
))
\c@tabx@nest=\count318
\c@listtotal=\count319
\c@listcount=\count320
\c@liststart=\count321
\c@liststop=\count322
\c@citecount=\count323
\c@citetotal=\count324
\c@multicitecount=\count325
\c@multicitetotal=\count326
\c@instcount=\count327
\c@maxnames=\count328
\c@minnames=\count329
\c@maxitems=\count330
\c@minitems=\count331
\c@citecounter=\count332
\c@maxcitecounter=\count333
\c@savedcitecounter=\count334
\c@uniquelist=\count335
\c@uniquename=\count336
\c@refsection=\count337
\c@refsegment=\count338
\c@maxextratitle=\count339
\c@maxextratitleyear=\count340
\c@maxextraname=\count341
\c@maxextradate=\count342
\c@maxextraalpha=\count343
\c@abbrvpenalty=\count344
\c@highnamepenalty=\count345
\c@lownamepenalty=\count346
\c@maxparens=\count347
\c@parenlevel=\count348
\blx@tempcnta=\count349
\blx@tempcntb=\count350
\blx@tempcntc=\count351
\blx@maxsection=\count352
\blx@maxsegment@0=\count353
\blx@notetype=\count354
\blx@parenlevel@text=\count355
\blx@parenlevel@foot=\count356
\blx@sectionciteorder@0=\count357
\blx@entrysetcounter=\count358
\labelnumberwidth=\skip102
\labelalphawidth=\skip103
\biblabelsep=\skip104
\bibitemsep=\skip105
\bibnamesep=\skip106
\bibinitsep=\skip107
\bibparsep=\skip108
\bibhang=\skip109
\blx@bcfin=\read3
\blx@bcfout=\write4
\c@mincomprange=\count359
\c@maxcomprange=\count360
\c@mincompwidth=\count361
Package biblatex Info: Trying to load biblatex default data model...
Package biblatex Info: ... file 'blx-dm.def' found.

("C:/Users/Max Braun/AppData/Local/Programs/MiKTeX 2.9/tex/latex/biblatex/blx-d
m.def"
File: blx-dm.def 2018/11/02 v3.12 biblatex localization (PK/MW)
)
Package biblatex Info: Trying to load biblatex citestyle data model...
Package biblatex Info: ... file 'numeric-comp.dbx' not found.
Package biblatex Info: Trying to load biblatex bibstyle data model...
Package biblatex Info: ... file 'numeric.dbx' not found.
Package biblatex Info: Trying to load biblatex custom data model...
Package biblatex Info: ... file 'biblatex-dm.cfg' not found.
\c@afterword=\count362
\c@savedafterword=\count363
\c@annotator=\count364
\c@savedannotator=\count365
\c@author=\count366
\c@savedauthor=\count367
\c@bookauthor=\count368
\c@savedbookauthor=\count369
\c@commentator=\count370
\c@savedcommentator=\count371
\c@editor=\count372
\c@savededitor=\count373
\c@editora=\count374
\c@savededitora=\count375
\c@editorb=\count376
\c@savededitorb=\count377
\c@editorc=\count378
\c@savededitorc=\count379
\c@foreword=\count380
\c@savedforeword=\count381
\c@holder=\count382
\c@savedholder=\count383
\c@introduction=\count384
\c@savedintroduction=\count385
\c@namea=\count386
\c@savednamea=\count387
\c@nameb=\count388
\c@savednameb=\count389
\c@namec=\count390
\c@savednamec=\count391
\c@translator=\count392
\c@savedtranslator=\count393
\c@shortauthor=\count394
\c@savedshortauthor=\count395
\c@shorteditor=\count396
\c@savedshorteditor=\count397
\c@labelname=\count398
\c@savedlabelname=\count399
\c@institution=\count400
\c@savedinstitution=\count401
\c@lista=\count402
\c@savedlista=\count403
\c@listb=\count404
\c@savedlistb=\count405
\c@listc=\count406
\c@savedlistc=\count407
\c@listd=\count408
\c@savedlistd=\count409
\c@liste=\count410
\c@savedliste=\count411
\c@listf=\count412
\c@savedlistf=\count413
\c@location=\count414
\c@savedlocation=\count415
\c@organization=\count416
\c@savedorganization=\count417
\c@origlocation=\count418
\c@savedoriglocation=\count419
\c@origpublisher=\count420
\c@savedorigpublisher=\count421
\c@publisher=\count422
\c@savedpublisher=\count423
\c@language=\count424
\c@savedlanguage=\count425
\c@origlanguage=\count426
\c@savedoriglanguage=\count427
\c@pageref=\count428
\c@savedpageref=\count429
\shorthandwidth=\skip110
\shortjournalwidth=\skip111
\shortserieswidth=\skip112
\shorttitlewidth=\skip113
\shortauthorwidth=\skip114
\shorteditorwidth=\skip115
\locallabelnumberwidth=\skip116
\locallabelalphawidth=\skip117
\localshorthandwidth=\skip118
\localshortjournalwidth=\skip119
\localshortserieswidth=\skip120
\localshorttitlewidth=\skip121
\localshortauthorwidth=\skip122
\localshorteditorwidth=\skip123
Package biblatex Info: Trying to load enhanced support for Unicode engines...
Package biblatex Info: ... file 'blx-unicode.def' found.

("C:/Users/Max Braun/AppData/Local/Programs/MiKTeX 2.9/tex/latex/biblatex/blx-u
nicode.def")
Package biblatex Info: Trying to load compatibility code...
Package biblatex Info: ... file 'blx-compat.def' found.

("C:/Users/Max Braun/AppData/Local/Programs/MiKTeX 2.9/tex/latex/biblatex/blx-c
ompat.def"
File: blx-compat.def 2018/11/02 v3.12 biblatex compatibility (PK/MW)
)
Package biblatex Info: Trying to load generic definitions...
Package biblatex Info: ... file 'biblatex.def' found.

("C:/Users/Max Braun/AppData/Local/Programs/MiKTeX 2.9/tex/latex/biblatex/bibla
tex.def"
File: biblatex.def 2018/11/02 v3.12 biblatex compatibility (PK/MW)
\c@textcitecount=\count430
\c@textcitetotal=\count431
\c@textcitemaxnames=\count432
\c@biburlnumpenalty=\count433
\c@biburlucpenalty=\count434
\c@biburllcpenalty=\count435
\c@smartand=\count436
)
Package biblatex Info: Trying to load bibliography style 'numeric'...
Package biblatex Info: ... file 'numeric.bbx' found.

("C:/Users/Max Braun/AppData/Local/Programs/MiKTeX 2.9/tex/latex/biblatex/bbx/n
umeric.bbx"
File: numeric.bbx 2018/11/02 v3.12 biblatex bibliography style (PK/MW)
Package biblatex Info: Trying to load bibliography style 'standard'...
Package biblatex Info: ... file 'standard.bbx' found.

("C:/Users/Max Braun/AppData/Local/Programs/MiKTeX 2.9/tex/latex/biblatex/bbx/s
tandard.bbx"
File: standard.bbx 2018/11/02 v3.12 biblatex bibliography style (PK/MW)
\c@bbx:relatedcount=\count437
\c@bbx:relatedtotal=\count438
))
Package biblatex Info: Trying to load citation style 'numeric-comp'...
Package biblatex Info: ... file 'numeric-comp.cbx' found.

("C:/Users/Max Braun/AppData/Local/Programs/MiKTeX 2.9/tex/latex/biblatex/cbx/n
umeric-comp.cbx"
File: numeric-comp.cbx 2018/11/02 v3.12 biblatex citation style (PK/MW)
\c@cbx@tempcnta=\count439
\c@cbx@tempcntb=\count440
Package biblatex Info: Redefining '\cite'.
Package biblatex Info: Redefining '\parencite'.
Package biblatex Info: Redefining '\footcite'.
Package biblatex Info: Redefining '\footcitetext'.
Package biblatex Info: Redefining '\smartcite'.
Package biblatex Info: Redefining '\supercite'.
Package biblatex Info: Redefining '\textcite'.
Package biblatex Info: Redefining '\textcites'.
Package biblatex Info: Redefining '\cites'.
Package biblatex Info: Redefining '\parencites'.
Package biblatex Info: Redefining '\smartcites'.
)
Package biblatex Info: Trying to load configuration file...
Package biblatex Info: ... file 'biblatex.cfg' found.

("C:/Users/Max Braun/AppData/Local/Programs/MiKTeX 2.9/tex/latex/biblatex/bibla
tex.cfg"
File: biblatex.cfg 
))
("C:/Users/Max Braun/AppData/Local/Programs/MiKTeX 2.9/tex/latex/oberdiek/bookm
ark.sty"
Package: bookmark 2016/05/17 v1.26 PDF bookmarks (HO)

("C:/Users/Max Braun/AppData/Local/Programs/MiKTeX 2.9/tex/latex/oberdiek/bkm-p
dftex.def"
File: bkm-pdftex.def 2016/05/17 v1.26 bookmark driver for pdfTeX (HO)
\BKM@id=\count441
))
Package hyperref Info: Option `unicode' set `true' on input line 531.

("C:/Users/Max Braun/AppData/Local/Programs/MiKTeX 2.9/tex/latex/hyperref/puenc
.def"
File: puenc.def 2018/11/30 v6.88e Hyperref: PDF Unicode definition (HO)
)
Package hyperref Info: Option `bookmarksopen' set `true' on input line 531.
Package hyperref Info: Option `breaklinks' set `true' on input line 531.
Package hyperref Info: Option `colorlinks' set `true' on input line 531.
 (./styles/references.sty
Package: styles/references 

("C:/Users/Max Braun/AppData/Local/Programs/MiKTeX 2.9/tex/latex/tools/varioref
.sty"
Package: varioref 2016/02/16 v1.5c package for extended references (FMi)
\c@vrcnt=\count442
)) (./styles/packages.sty
Package: styles/packages 

("C:/Users/Max Braun/AppData/Local/Programs/MiKTeX 2.9/tex/latex/pdfpages/pdfpa
ges.sty"
Package: pdfpages 2017/10/31 v0.5l Insert pages of external PDF documents (AM)

("C:/Users/Max Braun/AppData/Local/Programs/MiKTeX 2.9/tex/latex/eso-pic/eso-pi
c.sty"
Package: eso-pic 2018/04/12 v2.0h eso-pic (RN)
)
\AM@pagewidth=\dimen289
\AM@pageheight=\dimen290

("C:/Users/Max Braun/AppData/Local/Programs/MiKTeX 2.9/tex/latex/pdfpages/pplua
tex.def"
File: ppluatex.def 2017/10/31 v0.5l Pdfpages driver for LuaTeX (AM)
)
\AM@pagebox=\box93
\AM@global@opts=\toks38
\AM@toc@title=\toks39
\c@AM@survey=\count443
\AM@templatesizebox=\box94
)
("C:/Users/Max Braun/AppData/Local/Programs/MiKTeX 2.9/tex/latex/subfiles/subfi
les.sty"
Package: subfiles 2018/07/31 Federico Garcia, Gernot Salzer

("C:/Users/Max Braun/AppData/Local/Programs/MiKTeX 2.9/tex/latex/tools/verbatim
.sty"
Package: verbatim 2014/10/28 v1.5q LaTeX2e package for verbatim enhancements
\every@verbatim=\toks40
\verbatim@line=\toks41
\verbatim@in@stream=\read4
))
("C:/Users/Max Braun/AppData/Local/Programs/MiKTeX 2.9/tex/latex/todonotes/todo
notes.sty"
Package: todonotes 2019/01/24 v1.1.2 Todonotes source and documentation.
Package: todonotes 2018/11/22

("C:/Users/Max Braun/AppData/Local/Programs/MiKTeX 2.9/tex/generic/pgf/frontend
layer/tikz/libraries/tikzlibrarypositioning.code.tex"
File: tikzlibrarypositioning.code.tex 2019/04/04 v3.1.2 (3.1.2)
)
("C:/Users/Max Braun/AppData/Local/Programs/MiKTeX 2.9/tex/generic/pgf/frontend
layer/tikz/libraries/tikzlibraryshadows.code.tex"
File: tikzlibraryshadows.code.tex 2019/04/04 v3.1.2 (3.1.2)

("C:/Users/Max Braun/AppData/Local/Programs/MiKTeX 2.9/tex/generic/pgf/frontend
layer/tikz/libraries/tikzlibraryfadings.code.tex"
File: tikzlibraryfadings.code.tex 2019/04/04 v3.1.2 (3.1.2)

("C:/Users/Max Braun/AppData/Local/Programs/MiKTeX 2.9/tex/generic/pgf/librarie
s/pgflibraryfadings.code.tex"
File: pgflibraryfadings.code.tex 2019/04/04 v3.1.2 (3.1.2)
)))
\c@@todonotes@numberoftodonotes=\count444
)
("C:/Users/Max Braun/AppData/Local/Programs/MiKTeX 2.9/tex/latex/listings/listi
ngs.sty"
\lst@mode=\count445
\lst@gtempboxa=\box95
\lst@token=\toks42
\lst@length=\count446
\lst@currlwidth=\dimen291
\lst@column=\count447
\lst@pos=\count448
\lst@lostspace=\dimen292
\lst@width=\dimen293
\lst@newlines=\count449
\lst@lineno=\count450
\lst@maxwidth=\dimen294

("C:/Users/Max Braun/AppData/Local/Programs/MiKTeX 2.9/tex/latex/listings/lstmi
sc.sty"
File: lstmisc.sty 2019/02/27 1.8b (Carsten Heinz)
\c@lstnumber=\count451
\lst@skipnumbers=\count452
\lst@framebox=\box96
)
("C:/Users/Max Braun/AppData/Local/Programs/MiKTeX 2.9/tex/latex/listings/listi
ngs.cfg"
File: listings.cfg 2019/02/27 1.8b listings configuration
))
Package scrhack Info: loading listings hack on input line 11.

("C:/Users/Max Braun/AppData/Local/Programs/MiKTeX 2.9/tex/latex/koma-script/li
stings.hak"
File: listings.hak 2019/02/01 v3.26b KOMA-Script package (hacking package listin
gs)
Package tocbasic Info: setting babel extension for `lol' on input line 137.
Package scrhack Info: redefining \lstlistoflistings on input line 137.
)
Package: listings 2019/02/27 1.8b (Carsten Heinz)

("C:/Users/Max Braun/AppData/Local/Programs/MiKTeX 2.9/tex/latex/algorithm2e/al
gorithm2e.sty"
Package: algorithm2e 2017/07/18 v5.2 algorithms environments
\c@AlgoLine=\count453
\algocf@hangindent=\skip124

("C:/Users/Max Braun/AppData/Local/Programs/MiKTeX 2.9/tex/latex/ifoddpage/ifod
dpage.sty"
Package: ifoddpage 2016/04/23 v1.1 Conditionals for odd/even page detection
\c@checkoddpage=\count454
)
("C:/Users/Max Braun/AppData/Local/Programs/MiKTeX 2.9/tex/latex/relsize/relsiz
e.sty"
Package: relsize 2013/03/29 ver 4.1
)
\skiptotal=\skip125
\skiplinenumber=\skip126
\skiprule=\skip127
\skiphlne=\skip128
\skiptext=\skip129
\skiplength=\skip130
\algomargin=\skip131
\skipalgocfslide=\skip132
\algowidth=\dimen295
\inoutsize=\dimen296
\inoutindent=\dimen297
\interspacetitleruled=\dimen298
\interspacealgoruled=\dimen299
\interspacetitleboxruled=\dimen300
\algocf@ruledwidth=\skip133
\algocf@inoutbox=\box97
\algocf@inputbox=\box98
\AlCapSkip=\skip134
\AlCapHSkip=\skip135
\algoskipindent=\skip136
\algocf@nlbox=\box99
\algocf@hangingbox=\box100
\algocf@untilbox=\box101
\algocf@skipuntil=\skip137
\algocf@capbox=\box102
\algocf@lcaptionbox=\skip138
\algoheightruledefault=\skip139
\algoheightrule=\skip140
\algotitleheightruledefault=\skip141
\algotitleheightrule=\skip142
\c@algocfline=\count455
\c@algocfproc=\count456
\c@algocf=\count457
\algocf@algoframe=\box103
\algocf@algobox=\box104
)
("C:/Users/Max Braun/AppData/Local/Programs/MiKTeX 2.9/tex/latex/ccicons/ccicon
s.sty"
Package: ccicons 2017/10/30 v1.6 LaTeX support for Creative Commons icons
)
("C:/Users/Max Braun/AppData/Local/Programs/MiKTeX 2.9/tex/latex/metalogo/metal
ogo.sty"
Package: metalogo 2010/05/29 v0.12 Extended TeX logo macros
\xl@everylogo=\toks43
\xl@@everylogo=\toks44
LaTeX Info: Redefining \TeX on input line 193.
LaTeX Info: Redefining \LaTeX on input line 202.
LaTeX Info: Redefining \LaTeXe on input line 219.
)
("C:/Users/Max Braun/AppData/Local/Programs/MiKTeX 2.9/tex/latex/imakeidx/imake
idx.sty"
Package: imakeidx 2016/10/15 v1.3e Package for typesetting indices in a synchron
ous mode
)
("C:/Users/Max Braun/AppData/Local/Programs/MiKTeX 2.9/tex/latex/glossaries/bas
e/glossaries.sty"
Package: glossaries 2019/01/06 v4.42 (NLCT)

("C:/Users/Max Braun/AppData/Local/Programs/MiKTeX 2.9/tex/latex/mfirstuc/mfirs
tuc.sty"
Package: mfirstuc 2017/11/14 v2.06 (NLCT)
\@glsmfirst=\toks45
\@glsmrest=\toks46
)
("C:/Users/Max Braun/AppData/Local/Programs/MiKTeX 2.9/tex/latex/textcase/textc
ase.sty"
Package: textcase 2004/10/07 v0.07 Text only upper/lower case changing (DPC)
)
("C:/Users/Max Braun/AppData/Local/Programs/MiKTeX 2.9/tex/latex/xfor/xfor.sty"
Package: xfor 2009/02/05 v1.05 (NLCT)
)
("C:/Users/Max Braun/AppData/Local/Programs/MiKTeX 2.9/tex/latex/datatool/datat
ool-base.sty"
Package: datatool-base 2018/12/07 v2.31 (NLCT)

("C:/Users/Max Braun/AppData/Local/Programs/MiKTeX 2.9/tex/latex/amsmath/amsmat
h.sty"
Package: amsmath 2018/12/01 v2.17b AMS math features
\@mathmargin=\skip143

For additional information on amsmath, use the `?' option.

("C:/Users/Max Braun/AppData/Local/Programs/MiKTeX 2.9/tex/latex/amsmath/amstex
t.sty"
Package: amstext 2000/06/29 v2.01 AMS text

("C:/Users/Max Braun/AppData/Local/Programs/MiKTeX 2.9/tex/latex/amsmath/amsgen
.sty"
File: amsgen.sty 1999/11/30 v2.0 generic functions
\@emptytoks=\toks47
\ex@=\dimen301
))
("C:/Users/Max Braun/AppData/Local/Programs/MiKTeX 2.9/tex/latex/amsmath/amsbsy
.sty"
Package: amsbsy 1999/11/29 v1.2d Bold Symbols
\pmbraise@=\dimen302
)
("C:/Users/Max Braun/AppData/Local/Programs/MiKTeX 2.9/tex/latex/amsmath/amsopn
.sty"
Package: amsopn 2016/03/08 v2.02 operator names
)
\inf@bad=\count458
LaTeX Info: Redefining \frac on input line 223.
\uproot@=\count459
\leftroot@=\count460
LaTeX Info: Redefining \overline on input line 385.
\classnum@=\count461
\DOTSCASE@=\count462
LaTeX Info: Redefining \ldots on input line 482.
LaTeX Info: Redefining \dots on input line 485.
LaTeX Info: Redefining \cdots on input line 606.
\Mathstrutbox@=\box105
\strutbox@=\box106
\big@size=\dimen303
LaTeX Font Info:    Redeclaring font encoding OML on input line 729.
LaTeX Font Info:    Redeclaring font encoding OMS on input line 730.
\macc@depth=\count463
\c@MaxMatrixCols=\count464
\dotsspace@=\muskip17
\c@parentequation=\count465
\dspbrk@lvl=\count466
\tag@help=\toks48
\row@=\count467
\column@=\count468
\maxfields@=\count469
\andhelp@=\toks49
\eqnshift@=\dimen304
\alignsep@=\dimen305
\tagshift@=\dimen306
\tagwidth@=\dimen307
\totwidth@=\dimen308
\lineht@=\dimen309
\@envbody=\toks50
\multlinegap=\skip144
\multlinetaggap=\skip145
\mathdisplay@stack=\toks51
LaTeX Info: Redefining \[ on input line 2844.
LaTeX Info: Redefining \] on input line 2845.
)
("C:/Users/Max Braun/AppData/Local/Programs/MiKTeX 2.9/tex/latex/substr/substr.
sty"
Package: substr 2009/10/20 v1.2 Handle substrings
\c@su@anzahl=\count470
)
("C:/Users/Max Braun/AppData/Local/Programs/MiKTeX 2.9/tex/latex/datatool/datat
ool-fp.sty"
Package: datatool-fp 2018/12/07 v2.31 (NLCT)

("C:/Users/Max Braun/AppData/Local/Programs/MiKTeX 2.9/tex/latex/fp/fp.sty"
Package: fp 1995/04/02

`Fixed Point Package', Version 0.8, April 2, 1995 (C) Michael Mehlich
("C:/Users/Max Braun/AppData/Local/Programs/MiKTeX 2.9/tex/latex/fp/defpattern.
sty"
Package: defpattern 1994/10/12
\actioncount=\count471
)
("C:/Users/Max Braun/AppData/Local/Programs/MiKTeX 2.9/tex/latex/fp/fp-basic.st
y"
Package: fp-basic 1996/05/13
\FP@xs=\count472
\FP@xia=\count473
\FP@xib=\count474
\FP@xfa=\count475
\FP@xfb=\count476
\FP@rega=\count477
\FP@regb=\count478
\FP@regs=\count479
\FP@times=\count480
)
("C:/Users/Max Braun/AppData/Local/Programs/MiKTeX 2.9/tex/latex/fp/fp-addons.s
ty"
Package: fp-addons 1995/03/15
)
("C:/Users/Max Braun/AppData/Local/Programs/MiKTeX 2.9/tex/latex/fp/fp-snap.sty
"
Package: fp-snap 1995/04/05
)
("C:/Users/Max Braun/AppData/Local/Programs/MiKTeX 2.9/tex/latex/fp/fp-exp.sty"
Package: fp-exp 1995/04/03
)
("C:/Users/Max Braun/AppData/Local/Programs/MiKTeX 2.9/tex/latex/fp/fp-trigo.st
y"
Package: fp-trigo 1995/04/14
)
("C:/Users/Max Braun/AppData/Local/Programs/MiKTeX 2.9/tex/latex/fp/fp-pas.sty"
Package: fp-pas 1994/08/29
)
("C:/Users/Max Braun/AppData/Local/Programs/MiKTeX 2.9/tex/latex/fp/fp-random.s
ty"
Package: fp-random 1995/02/23
\FPseed=\count481
)
("C:/Users/Max Braun/AppData/Local/Programs/MiKTeX 2.9/tex/latex/fp/fp-eqn.sty"
Package: fp-eqn 1995/04/03
) ("C:/Users/Max Braun/AppData/Local/Programs/MiKTeX 2.9/tex/latex/fp/fp-upn.st
y"
Package: fp-upn 1996/10/21
)
("C:/Users/Max Braun/AppData/Local/Programs/MiKTeX 2.9/tex/latex/fp/fp-eval.sty
"
Package: fp-eval 1995/04/03
)))
\@dtl@toks=\toks52
\@dtl@tmpcount=\count482
\dtl@tmplength=\skip146
\dtl@sortresult=\count483
\@dtl@numgrpsepcount=\count484
\@dtl@datatype=\count485
\dtl@codeA=\count486
\dtl@codeB=\count487
\@dtl@foreach@level=\count488
)
("C:/Users/Max Braun/AppData/Local/Programs/MiKTeX 2.9/tex/latex/glossaries/bas
e/glossaries-compatible-307.sty"
Package: glossaries-compatible-307 2019/01/06 v4.42 (NLCT)
)
\gls@level=\count489
\@gls@tmpb=\toks53
\gls@tmplen=\skip147
\glskeylisttok=\toks54
\glslabeltok=\toks55
\glsshorttok=\toks56
\glslongtok=\toks57

("C:/Users/Max Braun/AppData/Local/Programs/MiKTeX 2.9/tex/latex/glossaries/sty
les/glossary-hypernav.sty"
Package: glossary-hypernav 2019/01/06 v4.42 (NLCT)
)
("C:/Users/Max Braun/AppData/Local/Programs/MiKTeX 2.9/tex/latex/glossaries/sty
les/glossary-list.sty"
Package: glossary-list 2019/01/06 v4.42 (NLCT)
\glslistdottedwidth=\skip148
)
("C:/Users/Max Braun/AppData/Local/Programs/MiKTeX 2.9/tex/latex/glossaries/sty
les/glossary-long.sty"
Package: glossary-long 2019/01/06 v4.42 (NLCT)

("C:/Users/Max Braun/AppData/Local/Programs/MiKTeX 2.9/tex/latex/tools/longtabl
e.sty"
Package: longtable 2014/10/28 v4.11 Multi-page Table package (DPC)+ FMi change
\LTleft=\skip149
\LTright=\skip150
\LTpre=\skip151
\LTpost=\skip152
\LTchunksize=\count490
\LTcapwidth=\dimen310
\LT@head=\box107
\LT@firsthead=\box108
\LT@foot=\box109
\LT@lastfoot=\box110
\LT@cols=\count491
\LT@rows=\count492
\c@LT@tables=\count493
\c@LT@chunks=\count494
\LT@p@ftn=\toks58
)
Class scrbook Info: longtable captions redefined on input line 43.
\glsdescwidth=\skip153
\glspagelistwidth=\skip154
)
("C:/Users/Max Braun/AppData/Local/Programs/MiKTeX 2.9/tex/latex/glossaries/sty
les/glossary-super.sty"
Package: glossary-super 2019/01/06 v4.42 (NLCT)

("C:/Users/Max Braun/AppData/Local/Programs/MiKTeX 2.9/tex/latex/supertabular/s
upertabular.sty"
Package: supertabular 2004/02/20 v4.1e the supertabular environment
\c@tracingst=\count495
\ST@wd=\dimen311
\ST@rightskip=\skip155
\ST@leftskip=\skip156
\ST@parfillskip=\skip157
\ST@pageleft=\dimen312
\ST@headht=\dimen313
\ST@tailht=\dimen314
\ST@pagesofar=\dimen315
\ST@pboxht=\dimen316
\ST@lineht=\dimen317
\ST@stretchht=\dimen318
\ST@prevht=\dimen319
\ST@toadd=\dimen320
\ST@dimen=\dimen321
\ST@pbox=\box111
))
("C:/Users/Max Braun/AppData/Local/Programs/MiKTeX 2.9/tex/latex/glossaries/sty
les/glossary-tree.sty"
Package: glossary-tree 2019/01/06 v4.42 (NLCT)
\glstreeindent=\skip158
))
("C:/Users/Max Braun/AppData/Local/Programs/MiKTeX 2.9/tex/latex/nomencl/nomenc
l.sty"
Package: nomencl 2019/05/05 v5.2 Nomenclature package
Package tocbasic Info: setting babel extension for `nlo' on input line 155.
Package tocbasic Info: setting babel extension for `nls' on input line 156.
\nomlabelwidth=\dimen322
\nom@tempdim=\dimen323
\nomitemsep=\skip159
))) (./styles/style.sty
Package: styles/style 

("C:/Users/Max Braun/AppData/Local/Programs/MiKTeX 2.9/tex/latex/geometry/geome
try.sty"
Package: geometry 2018/04/16 v5.8 Page Geometry
\Gm@cnth=\count496
\Gm@cntv=\count497
\c@Gm@tempcnt=\count498
\Gm@bindingoffset=\dimen324
\Gm@wd@mp=\dimen325
\Gm@odd@mp=\dimen326
\Gm@even@mp=\dimen327
\Gm@layoutwidth=\dimen328
\Gm@layoutheight=\dimen329
\Gm@layouthoffset=\dimen330
\Gm@layoutvoffset=\dimen331
\Gm@dimlist=\toks59

("C:/Users/Max Braun/AppData/Local/Programs/MiKTeX 2.9/tex/latex/geometry/geome
try.cfg"))
("C:/Users/Max Braun/AppData/Local/Programs/MiKTeX 2.9/tex/latex/koma-script/sc
rlayer-scrpage.sty"
Package: scrlayer-scrpage 2019/02/01 v3.26b KOMA-Script package (end user interf
ace for scrlayer)

("C:/Users/Max Braun/AppData/Local/Programs/MiKTeX 2.9/tex/latex/koma-script/sc
rlayer.sty"
Package: scrlayer 2019/02/01 v3.26b KOMA-Script package (defining layers and pag
e styles)
Package scrlayer Info: Using already defined \footheight
(scrlayer)             hoping, that this is a length and
(scrlayer)             not only a macro on input line 109.
Package scrlayer Info: patching LaTeX kernel macro \pagestyle on input line 2083
.
)
Package scrlayer-scrpage Info: Makeing stand-alone element `pagehead' from
(scrlayer-scrpage)             alias to `pageheadfoot' on input line 1241.
Package scrlayer-scrpage Info: deactivating warning for font element
(scrlayer-scrpage)             `pagefoot' on input line 1268.
)
Package scrlayer-scrpage Info: auto-selection of `pagestyleset=KOMA-Script'.

("C:/Users/Max Braun/AppData/Local/Programs/MiKTeX 2.9/tex/generic/babel/babel.
sty"
Package: babel 2018/11/13 3.27 The Babel package

("C:/Users/Max Braun/AppData/Local/Programs/MiKTeX 2.9/tex/generic/babel/switch
.def"
File: switch.def 2018/11/13 3.27 Babel switching mechanism
)
("C:/Users/Max Braun/AppData/Local/Programs/MiKTeX 2.9/tex/generic/babel/luabab
el.def"
\l@afrikaans=\language3
Package babel Info: Non-standard hyphenation setup on input line 114.
\l@ancientgreek=\language4
\l@arabic=\language5
\l@armenian=\language6
\l@assamese=\language7
\l@basque=\language8
\l@bengali=\language9
\l@bokmal=\language10
\l@bulgarian=\language11
\l@catalan=\language12
\l@classiclatin=\language13
\l@coptic=\language14
\l@croatian=\language15
\l@czech=\language16
\l@danish=\language17
\l@dutch=\language18
\l@esperanto=\language19
\l@estonian=\language20
\l@farsi=\language21
\l@finnish=\language22
\l@french=\language23
\l@galician=\language24
\l@georgian=\language25
\l@german=\language26
\l@german-x-2018-03-31=\language27
\l@greek=\language28
\l@gujarati=\language29
\l@hindi=\language30
\l@hungarian=\language31
\l@icelandic=\language32
\l@indonesian=\language33
\l@interlingua=\language34
\l@irish=\language35
\l@italian=\language36
\l@kannada=\language37
\l@kurmanji=\language38
\l@latin=\language39
\l@latvian=\language40
\l@lithuanian=\language41
\l@malayalam=\language42
\l@marathi=\language43
\l@mongolian=\language44
\l@mongolianlmc=\language45
\l@monogreek=\language46
\l@ngerman=\language47
\l@ngerman-x-2018-03-31=\language48
\l@nynorsk=\language49
\l@oriya=\language50
\l@panjabi=\language51
\l@piedmontese=\language52
\l@pinyin=\language53
\l@polish=\language54
\l@portuguese=\language55
\l@romanian=\language56
\l@romansh=\language57
\l@russian=\language58
\l@sanskrit=\language59
\l@serbian=\language60
\l@serbianc=\language61
\l@slovak=\language62
\l@slovenian=\language63
\l@spanish=\language64
\l@swedish=\language65
\l@swissgerman=\language66
\l@tamil=\language67
\l@telugu=\language68
\l@thai=\language69
\l@turkish=\language70
\l@turkmen=\language71
\l@ukenglish=\language72
\l@ukrainian=\language73
\l@uppersorbian=\language74
\l@usenglishmax=\language75
\l@welsh=\language76
)
*************************************
* Local config file bblopts.cfg used
*

("C:/Users/Max Braun/AppData/Local/Programs/MiKTeX 2.9/tex/latex/arabi/bblopts.
cfg"
File: bblopts.cfg 2005/09/08 v0.1 add Arabic and Farsi to "declared" options of 
babel
)
("C:/Users/Max Braun/AppData/Local/Programs/MiKTeX 2.9/tex/latex/babel-english/
english.ldf"
Language: english 2017/06/06 v3.3r English support from the babel system

("C:/Users/Max Braun/AppData/Local/Programs/MiKTeX 2.9/tex/generic/babel/babel.
def"
File: babel.def 2018/11/13 3.27 Babel common definitions
\babel@savecnt=\count499
\U@D=\dimen332

("C:/Users/Max Braun/AppData/Local/Programs/MiKTeX 2.9/tex/generic/babel/luabab
el.def"))
\l@canadian = a dialect from \language\l@american 
\l@australian = a dialect from \language\l@british 
\l@newzealand = a dialect from \language\l@british 
))
("C:/Users/Max Braun/AppData/Local/Programs/MiKTeX 2.9/tex/latex/base/fontenc.s
ty"
Package: fontenc 2018/08/11 v2.0j Standard LaTeX package

("C:/Users/Max Braun/AppData/Local/Programs/MiKTeX 2.9/tex/latex/base/t1enc.def
"
File: t1enc.def 2018/08/11 v2.0j Standard LaTeX file
LaTeX Font Info:    Redeclaring font encoding T1 on input line 48.
)
LaTeX Font Info:    Try loading font information for T1+lmr on input line 105.
 ("C:/Users/Max Braun/AppData/Local/Programs/MiKTeX 2.9/tex/latex/lm/t1lmr.fd"
File: t1lmr.fd 2009/10/30 v1.6 Font defs for Latin Modern
))
("C:/Users/Max Braun/AppData/Local/Programs/MiKTeX 2.9/tex/latex/base/inputenc.
sty"
Package: inputenc 2018/08/11 v1.3c Input encoding file
\inpenc@prehook=\toks60
\inpenc@posthook=\toks61


Package inputenc Warning: inputenc package ignored with utf8 based engines.

)
("C:/Users/Max Braun/AppData/Local/Programs/MiKTeX 2.9/tex/latex/csquotes/csquo
tes.sty"
Package: csquotes 2019/05/10 v5.2e context-sensitive quotations (JAW)
\csq@reset=\count500
\csq@gtype=\count501
\csq@glevel=\count502
\csq@qlevel=\count503
\csq@maxlvl=\count504
\csq@tshold=\count505
\csq@ltx@everypar=\toks62

("C:/Users/Max Braun/AppData/Local/Programs/MiKTeX 2.9/tex/latex/csquotes/csquo
tes.def"
File: csquotes.def 2019/05/10 v5.2e csquotes generic definitions (JAW)
)
Package csquotes Info: Trying to load configuration file 'csquotes.cfg'...
Package csquotes Info: ... configuration file loaded successfully.

("C:/Users/Max Braun/AppData/Local/Programs/MiKTeX 2.9/tex/latex/csquotes/csquo
tes.cfg"
File: csquotes.cfg 
)
Package csquotes Info: Redefining alias 'english' -> 'english/british'.
)
("C:/Users/Max Braun/AppData/Local/Programs/MiKTeX 2.9/tex/latex/psnfss/mathpaz
o.sty"
Package: mathpazo 2005/04/12 PSNFSS-v9.2a Palatino w/ Pazo Math (D.Puga, WaS) 
\symupright=\mathgroup4
)
("C:/Users/Max Braun/AppData/Local/Programs/MiKTeX 2.9/tex/latex/psnfss/helvet.
sty"
Package: helvet 2005/04/12 PSNFSS-v9.2a (WaS) 
)

! LaTeX Error: File `mathalfa.sty' not found.

Type X to quit or <RETURN> to proceed,
or enter new name. (Default extension: sty)

Enter file name: 
! Emergency stop.
<read *> 
   
l.263 \usepackage
               [scaled=.85]{beramono} % monospace font
*** (cannot \read from terminal in nonstop modes)



Here is how much of LuaTeX's memory you used:
 52449 strings out of 494300
 100000,1648299 words of node,token memory allocated 1196 words of node memory still in use:
   11 hlist, 9 rule, 1 dir, 3 kern, 1 glyph, 58 attribute, 112 glue_spec, 58 att
ribute_list, 5 write, 16 pdf_literal, 17 pdf_colorstack nodes
   avail lists: 1:2,2:17,3:1,5:4,7:29,11:3
 55211 multiletter control sequences out of 65536+200000
 26 fonts using 5632863 bytes
 110i,1n,105p,9083b,446s stack positions out of 5000i,500n,10000p,200000b,50000s
!  ==> Fatal error occurred, no output PDF file produced!
